{"meta": {"format": 3, "version": "7.13.1", "timestamp": "2026-07-16T23:00:01.062987", "branch_coverage": false, "show_contexts": false}, "files": {"msb_v2/__init__.py": {"executed_lines": [3], "summary": {"covered_lines": 1, "num_statements": 1, "percent_covered": 100.0, "percent_covered_display": "100", "missing_lines": 0, "excluded_lines": 0, "percent_statements_covered": 100.0, "percent_statements_covered_display": "100"}, "missing_lines": [], "excluded_lines": [], "functions": {"": {"executed_lines": [3], "summary": {"covered_lines": 1, "num_statements": 1, "percent_covered": 100.0, "percent_covered_display": "100", "missing_lines": 0, "excluded_lines": 0, "percent_statements_covered": 100.0, "percent_statements_covered_display": "100"}, "missing_lines": [], "excluded_lines": [], "start_line": 1}}, "classes": {"": {"executed_lines": [3], "summary": {"covered_lines": 1, "num_statements": 1, "percent_covered": 100.0, "percent_covered_display": "100", "missing_lines": 0, "excluded_lines": 0, "percent_statements_covered": 100.0, "percent_statements_covered_display": "100"}, "missing_lines": [], "excluded_lines": [], "start_line": 1}}}, "msb_v2/agents/__init__.py": {"executed_lines": [1, 2, 4], "summary": {"covered_lines": 3, "num_statements": 3, "percent_covered": 100.0, "percent_covered_display": "100", "missing_lines": 0, "excluded_lines": 0, "percent_statements_covered": 100.0, "percent_statements_covered_display": "100"}, "missing_lines": [], "excluded_lines": [], "functions": {"": {"executed_lines": [1, 2, 4], "summary": {"covered_lines": 3, "num_statements": 3, "percent_covered": 100.0, "percent_covered_display": "100", "missing_lines": 0, "excluded_lines": 0, "percent_statements_covered": 100.0, "percent_statements_covered_display": "100"}, "missing_lines": [], "excluded_lines": [], "start_line": 1}}, "classes": {"": {"executed_lines": [1, 2, 4], "summary": {"covered_lines": 3, "num_statements": 3, "percent_covered": 100.0, "percent_covered_display": "100", "missing_lines": 0, "excluded_lines": 0, "percent_statements_covered": 100.0, "percent_statements_covered_display": "100"}, "missing_lines": [], "excluded_lines": [], "start_line": 1}}}, "msb_v2/agents/repair.py": {"executed_lines": [1, 3, 6, 8, 9, 10, 11, 12, 13, 14], "summary": {"covered_lines": 10, "num_statements": 10, "percent_covered": 100.0, "percent_covered_display": "100", "missing_lines": 0, "excluded_lines": 0, "percent_statements_covered": 100.0, "percent_statements_covered_display": "100"}, "missing_lines": [], "excluded_lines": [], "functions": {"run_repair": {"executed_lines": [8, 9, 10, 11, 12, 13, 14], "summary": {"covered_lines": 7, "num_statements": 7, "percent_covered": 100.0, "percent_covered_display": "100", "missing_lines": 0, "excluded_lines": 0, "percent_statements_covered": 100.0, "percent_statements_covered_display": "100"}, "missing_lines": [], "excluded_lines": [], "start_line": 6}, "": {"executed_lines": [1, 3, 6], "summary": {"covered_lines": 3, "num_statements": 3, "percent_covered": 100.0, "percent_covered_display": "100", "missing_lines": 0, "excluded_lines": 0, "percent_statements_covered": 100.0, "percent_statements_covered_display": "100"}, "missing_lines": [], "excluded_lines": [], "start_line": 1}}, "classes": {"": {"executed_lines": [1, 3, 6, 8, 9, 10, 11, 12, 13, 14], "summary": {"covered_lines": 10, "num_statements": 10, "percent_covered": 100.0, "percent_covered_display": "100", "missing_lines": 0, "excluded_lines": 0, "percent_statements_covered": 100.0, "percent_statements_covered_display": "100"}, "missing_lines": [], "excluded_lines": [], "start_line": 1}}}, "msb_v2/agents/tool_agent.py": {"executed_lines": [1, 3, 6, 8, 9, 10, 11, 12], "summary": {"covered_lines": 8, "num_statements": 8, "percent_covered": 100.0, "percent_covered_display": "100", "missing_lines": 0, "excluded_lines": 0, "percent_statements_covered": 100.0, "percent_statements_covered_display": "100"}, "missing_lines": [], "excluded_lines": [], "functions": {"run_tool_agent": {"executed_lines": [8, 9, 10, 11, 12], "summary": {"covered_lines": 5, "num_statements": 5, "percent_covered": 100.0, "percent_covered_display": "100", "missing_lines": 0, "excluded_lines": 0, "percent_statements_covered": 100.0, "percent_statements_covered_display": "100"}, "missing_lines": [], "excluded_lines": [], "start_line": 6}, "": {"executed_lines": [1, 3, 6], "summary": {"covered_lines": 3, "num_statements": 3, "percent_covered": 100.0, "percent_covered_display": "100", "missing_lines": 0, "excluded_lines": 0, "percent_statements_covered": 100.0, "percent_statements_covered_display": "100"}, "missing_lines": [], "excluded_lines": [], "start_line": 1}}, "classes": {"": {"executed_lines": [1, 3, 6, 8, 9, 10, 11, 12], "summary": {"covered_lines": 8, "num_statements": 8, "percent_covered": 100.0, "percent_covered_display": "100", "missing_lines": 0, "excluded_lines": 0, "percent_statements_covered": 100.0, "percent_statements_covered_display": "100"}, "missing_lines": [], "excluded_lines": [], "start_line": 1}}}, "msb_v2/api/adk_bridge.py": {"executed_lines": [1, 3, 5, 6, 8, 9, 11, 13, 14, 15, 16, 17, 19, 20, 21, 22, 27, 64, 65], "summary": {"covered_lines": 19, "num_statements": 28, "percent_covered": 67.85714285714286, "percent_covered_display": "68", "missing_lines": 9, "excluded_lines": 0, "percent_statements_covered": 67.85714285714286, "percent_statements_covered_display": "68"}, "missing_lines": [23, 24, 28, 66, 67, 69, 70, 71, 82], "excluded_lines": [], "functions": {"_simulate_events": {"executed_lines": [], "summary": {"covered_lines": 0, "num_statements": 1, "percent_covered": 0.0, "percent_covered_display": "0", "missing_lines": 1, "excluded_lines": 0, "percent_statements_covered": 0.0, "percent_statements_covered_display": "0"}, "missing_lines": [28], "excluded_lines": [], "start_line": 27}, "demo_query_adk": {"executed_lines": [], "summary": {"covered_lines": 0, "num_statements": 6, "percent_covered": 0.0, "percent_covered_display": "0", "missing_lines": 6, "excluded_lines": 0, "percent_statements_covered": 0.0, "percent_statements_covered_display": "0"}, "missing_lines": [66, 67, 69, 70, 71, 82], "excluded_lines": [], "start_line": 65}, "": {"executed_lines": [1, 3, 5, 6, 8, 9, 11, 13, 14, 15, 16, 17, 19, 20, 21, 22, 27, 64, 65], "summary": {"covered_lines": 19, "num_statements": 21, "percent_covered": 90.47619047619048, "percent_covered_display": "90", "missing_lines": 2, "excluded_lines": 0, "percent_statements_covered": 90.47619047619048, "percent_statements_covered_display": "90"}, "missing_lines": [23, 24], "excluded_lines": [], "start_line": 1}}, "classes": {"AdkQueryRequest": {"executed_lines": [], "summary": {"covered_lines": 0, "num_statements": 0, "percent_covered": 100.0, "percent_covered_display": "100", "missing_lines": 0, "excluded_lines": 0, "percent_statements_covered": 100.0, "percent_statements_covered_display": "100"}, "missing_lines": [], "excluded_lines": [], "start_line": 13}, "": {"executed_lines": [1, 3, 5, 6, 8, 9, 11, 13, 14, 15, 16, 17, 19, 20, 21, 22, 27, 64, 65], "summary": {"covered_lines": 19, "num_statements": 28, "percent_covered": 67.85714285714286, "percent_covered_display": "68", "missing_lines": 9, "excluded_lines": 0, "percent_statements_covered": 67.85714285714286, "percent_statements_covered_display": "68"}, "missing_lines": [23, 24, 28, 66, 67, 69, 70, 71, 82], "excluded_lines": [], "start_line": 1}}}, "msb_v2/api/alert_hooks.py": {"executed_lines": [1, 3, 5, 6, 8, 9, 11, 14, 15, 16, 17, 18, 19, 20, 21, 22, 25, 26, 27, 28, 29, 30, 31, 42, 45, 46, 47, 48, 49, 50, 51, 52, 53, 54, 55, 71, 72, 85], "summary": {"covered_lines": 38, "num_statements": 38, "percent_covered": 100.0, "percent_covered_display": "100", "missing_lines": 0, "excluded_lines": 0, "percent_statements_covered": 100.0, "percent_statements_covered_display": "100"}, "missing_lines": [], "excluded_lines": [], "functions": {"_normalize_alerts": {"executed_lines": [26, 27, 28, 29, 30, 31, 42], "summary": {"covered_lines": 7, "num_statements": 7, "percent_covered": 100.0, "percent_covered_display": "100", "missing_lines": 0, "excluded_lines": 0, "percent_statements_covered": 100.0, "percent_statements_covered_display": "100"}, "missing_lines": [], "excluded_lines": [], "start_line": 25}, "alert_webhook": {"executed_lines": [47, 48, 49, 50, 51, 52, 53, 54, 55, 71, 72, 85], "summary": {"covered_lines": 12, "num_statements": 12, "percent_covered": 100.0, "percent_covered_display": "100", "missing_lines": 0, "excluded_lines": 0, "percent_statements_covered": 100.0, "percent_statements_covered_display": "100"}, "missing_lines": [], "excluded_lines": [], "start_line": 46}, "": {"executed_lines": [1, 3, 5, 6, 8, 9, 11, 14, 15, 16, 17, 18, 19, 20, 21, 22, 25, 45, 46], "summary": {"covered_lines": 19, "num_statements": 19, "percent_covered": 100.0, "percent_covered_display": "100", "missing_lines": 0, "excluded_lines": 0, "percent_statements_covered": 100.0, "percent_statements_covered_display": "100"}, "missing_lines": [], "excluded_lines": [], "start_line": 1}}, "classes": {"AlertPayload": {"executed_lines": [], "summary": {"covered_lines": 0, "num_statements": 0, "percent_covered": 100.0, "percent_covered_display": "100", "missing_lines": 0, "excluded_lines": 0, "percent_statements_covered": 100.0, "percent_statements_covered_display": "100"}, "missing_lines": [], "excluded_lines": [], "start_line": 14}, "": {"executed_lines": [1, 3, 5, 6, 8, 9, 11, 14, 15, 16, 17, 18, 19, 20, 21, 22, 25, 26, 27, 28, 29, 30, 31, 42, 45, 46, 47, 48, 49, 50, 51, 52, 53, 54, 55, 71, 72, 85], "summary": {"covered_lines": 38, "num_statements": 38, "percent_covered": 100.0, "percent_covered_display": "100", "missing_lines": 0, "excluded_lines": 0, "percent_statements_covered": 100.0, "percent_statements_covered_display": "100"}, "missing_lines": [], "excluded_lines": [], "start_line": 1}}}, "msb_v2/api/aura.py": {"executed_lines": [1, 3, 4, 6, 7, 9, 10, 11, 12, 13, 14, 15, 17, 18, 19, 20, 21, 24, 25, 26, 29, 30, 31, 32, 35, 36, 37, 45, 46, 47, 55, 56, 57, 58, 61, 62, 64, 67, 68, 71, 72, 73], "summary": {"covered_lines": 42, "num_statements": 42, "percent_covered": 100.0, "percent_covered_display": "100", "missing_lines": 0, "excluded_lines": 0, "percent_statements_covered": 100.0, "percent_statements_covered_display": "100"}, "missing_lines": [], "excluded_lines": [], "functions": {"aura_run": {"executed_lines": [37, 45, 46, 47], "summary": {"covered_lines": 4, "num_statements": 4, "percent_covered": 100.0, "percent_covered_display": "100", "missing_lines": 0, "excluded_lines": 0, "percent_statements_covered": 100.0, "percent_statements_covered_display": "100"}, "missing_lines": [], "excluded_lines": [], "start_line": 36}, "aura_tasks": {"executed_lines": [57, 58], "summary": {"covered_lines": 2, "num_statements": 2, "percent_covered": 100.0, "percent_covered_display": "100", "missing_lines": 0, "excluded_lines": 0, "percent_statements_covered": 100.0, "percent_statements_covered_display": "100"}, "missing_lines": [], "excluded_lines": [], "start_line": 56}, "aura_recent_tasks": {"executed_lines": [64], "summary": {"covered_lines": 1, "num_statements": 1, "percent_covered": 100.0, "percent_covered_display": "100", "missing_lines": 0, "excluded_lines": 0, "percent_statements_covered": 100.0, "percent_statements_covered_display": "100"}, "missing_lines": [], "excluded_lines": [], "start_line": 62}, "aura_langgraph_tool_calls": {"executed_lines": [73], "summary": {"covered_lines": 1, "num_statements": 1, "percent_covered": 100.0, "percent_covered_display": "100", "missing_lines": 0, "excluded_lines": 0, "percent_statements_covered": 100.0, "percent_statements_covered_display": "100"}, "missing_lines": [], "excluded_lines": [], "start_line": 72}, "": {"executed_lines": [1, 3, 4, 6, 7, 9, 10, 11, 12, 13, 14, 15, 17, 18, 19, 20, 21, 24, 25, 26, 29, 30, 31, 32, 35, 36, 55, 56, 61, 62, 67, 68, 71, 72], "summary": {"covered_lines": 34, "num_statements": 34, "percent_covered": 100.0, "percent_covered_display": "100", "missing_lines": 0, "excluded_lines": 0, "percent_statements_covered": 100.0, "percent_statements_covered_display": "100"}, "missing_lines": [], "excluded_lines": [], "start_line": 1}}, "classes": {"RunRequest": {"executed_lines": [], "summary": {"covered_lines": 0, "num_statements": 0, "percent_covered": 100.0, "percent_covered_display": "100", "missing_lines": 0, "excluded_lines": 0, "percent_statements_covered": 100.0, "percent_statements_covered_display": "100"}, "missing_lines": [], "excluded_lines": [], "start_line": 24}, "GoalsRequest": {"executed_lines": [], "summary": {"covered_lines": 0, "num_statements": 0, "percent_covered": 100.0, "percent_covered_display": "100", "missing_lines": 0, "excluded_lines": 0, "percent_statements_covered": 100.0, "percent_statements_covered_display": "100"}, "missing_lines": [], "excluded_lines": [], "start_line": 29}, "ToolCallsRequest": {"executed_lines": [], "summary": {"covered_lines": 0, "num_statements": 0, "percent_covered": 100.0, "percent_covered_display": "100", "missing_lines": 0, "excluded_lines": 0, "percent_statements_covered": 100.0, "percent_statements_covered_display": "100"}, "missing_lines": [], "excluded_lines": [], "start_line": 67}, "": {"executed_lines": [1, 3, 4, 6, 7, 9, 10, 11, 12, 13, 14, 15, 17, 18, 19, 20, 21, 24, 25, 26, 29, 30, 31, 32, 35, 36, 37, 45, 46, 47, 55, 56, 57, 58, 61, 62, 64, 67, 68, 71, 72, 73], "summary": {"covered_lines": 42, "num_statements": 42, "percent_covered": 100.0, "percent_covered_display": "100", "missing_lines": 0, "excluded_lines": 0, "percent_statements_covered": 100.0, "percent_statements_covered_display": "100"}, "missing_lines": [], "excluded_lines": [], "start_line": 1}}}, "msb_v2/api/calibration.py": {"executed_lines": [1, 3, 5, 7, 9, 10, 13, 14, 30, 31, 43, 44, 48, 49], "summary": {"covered_lines": 14, "num_statements": 26, "percent_covered": 53.84615384615385, "percent_covered_display": "54", "missing_lines": 12, "excluded_lines": 0, "percent_statements_covered": 53.84615384615385, "percent_statements_covered_display": "54"}, "missing_lines": [15, 16, 17, 18, 19, 20, 27, 32, 33, 34, 45, 50], "excluded_lines": [], "functions": {"record_calibration": {"executed_lines": [], "summary": {"covered_lines": 0, "num_statements": 7, "percent_covered": 0.0, "percent_covered_display": "0", "missing_lines": 7, "excluded_lines": 0, "percent_statements_covered": 0.0, "percent_statements_covered_display": "0"}, "missing_lines": [15, 16, 17, 18, 19, 20, 27], "excluded_lines": [], "start_line": 14}, "record_assessment": {"executed_lines": [], "summary": {"covered_lines": 0, "num_statements": 3, "percent_covered": 0.0, "percent_covered_display": "0", "missing_lines": 3, "excluded_lines": 0, "percent_statements_covered": 0.0, "percent_statements_covered_display": "0"}, "missing_lines": [32, 33, 34], "excluded_lines": [], "start_line": 31}, "calibration_summary": {"executed_lines": [], "summary": {"covered_lines": 0, "num_statements": 1, "percent_covered": 0.0, "percent_covered_display": "0", "missing_lines": 1, "excluded_lines": 0, "percent_statements_covered": 0.0, "percent_statements_covered_display": "0"}, "missing_lines": [45], "excluded_lines": [], "start_line": 44}, "calibration_records": {"executed_lines": [], "summary": {"covered_lines": 0, "num_statements": 1, "percent_covered": 0.0, "percent_covered_display": "0", "missing_lines": 1, "excluded_lines": 0, "percent_statements_covered": 0.0, "percent_statements_covered_display": "0"}, "missing_lines": [50], "excluded_lines": [], "start_line": 49}, "": {"executed_lines": [1, 3, 5, 7, 9, 10, 13, 14, 30, 31, 43, 44, 48, 49], "summary": {"covered_lines": 14, "num_statements": 14, "percent_covered": 100.0, "percent_covered_display": "100", "missing_lines": 0, "excluded_lines": 0, "percent_statements_covered": 100.0, "percent_statements_covered_display": "100"}, "missing_lines": [], "excluded_lines": [], "start_line": 1}}, "classes": {"": {"executed_lines": [1, 3, 5, 7, 9, 10, 13, 14, 30, 31, 43, 44, 48, 49], "summary": {"covered_lines": 14, "num_statements": 26, "percent_covered": 53.84615384615385, "percent_covered_display": "54", "missing_lines": 12, "excluded_lines": 0, "percent_statements_covered": 53.84615384615385, "percent_statements_covered_display": "54"}, "missing_lines": [15, 16, 17, 18, 19, 20, 27, 32, 33, 34, 45, 50], "excluded_lines": [], "start_line": 1}}}, "msb_v2/api/cognitive.py": {"executed_lines": [1, 3, 4, 5, 7, 8, 9, 10, 11, 12, 13, 15, 17, 20, 23, 24, 27, 28, 31, 32, 33, 34, 35, 36, 37, 38, 39, 42, 43, 44, 45, 46, 49, 50, 51, 52, 55, 56, 57, 58, 59, 62, 63, 66, 67, 70, 71, 72, 75, 76, 77, 78, 79, 82, 83, 84, 86, 87, 88, 91, 92, 93, 94, 95, 96, 99, 100, 101, 102, 103, 104, 113, 114, 115, 116, 117, 118, 127, 128, 129, 130, 138, 139, 140, 141, 142, 154, 155, 156, 157, 158, 159, 160, 163, 164, 165, 168, 169, 172, 173, 174, 175, 176, 177, 180, 187, 193, 200], "summary": {"covered_lines": 108, "num_statements": 118, "percent_covered": 91.52542372881356, "percent_covered_display": "92", "missing_lines": 10, "excluded_lines": 0, "percent_statements_covered": 91.52542372881356, "percent_statements_covered_display": "92"}, "missing_lines": [123, 124, 161, 162, 166, 167, 170, 171, 178, 179], "excluded_lines": [], "functions": {"_memory_chain": {"executed_lines": [63], "summary": {"covered_lines": 1, "num_statements": 1, "percent_covered": 100.0, "percent_covered_display": "100", "missing_lines": 0, "excluded_lines": 0, "percent_statements_covered": 100.0, "percent_statements_covered_display": "100"}, "missing_lines": [], "excluded_lines": [], "start_line": 62}, "_memory_causal": {"executed_lines": [67], "summary": {"covered_lines": 1, "num_statements": 1, "percent_covered": 100.0, "percent_covered_display": "100", "missing_lines": 0, "excluded_lines": 0, "percent_statements_covered": 100.0, "percent_statements_covered_display": "100"}, "missing_lines": [], "excluded_lines": [], "start_line": 66}, "cognitive_ping": {"executed_lines": [72], "summary": {"covered_lines": 1, "num_statements": 1, "percent_covered": 100.0, "percent_covered_display": "100", "missing_lines": 0, "excluded_lines": 0, "percent_statements_covered": 100.0, "percent_statements_covered_display": "100"}, "missing_lines": [], "excluded_lines": [], "start_line": 71}, "mesh_negotiate": {"executed_lines": [77, 78, 79], "summary": {"covered_lines": 3, "num_statements": 3, "percent_covered": 100.0, "percent_covered_display": "100", "missing_lines": 0, "excluded_lines": 0, "percent_statements_covered": 100.0, "percent_statements_covered_display": "100"}, "missing_lines": [], "excluded_lines": [], "start_line": 76}, "chronos_checkpoint": {"executed_lines": [84, 86, 87, 88], "summary": {"covered_lines": 4, "num_statements": 4, "percent_covered": 100.0, "percent_covered_display": "100", "missing_lines": 0, "excluded_lines": 0, "percent_statements_covered": 100.0, "percent_statements_covered_display": "100"}, "missing_lines": [], "excluded_lines": [], "start_line": 83}, "provenance_build": {"executed_lines": [93, 94, 95, 96], "summary": {"covered_lines": 4, "num_statements": 4, "percent_covered": 100.0, "percent_covered_display": "100", "missing_lines": 0, "excluded_lines": 0, "percent_statements_covered": 100.0, "percent_statements_covered_display": "100"}, "missing_lines": [], "excluded_lines": [], "start_line": 92}, "redteam_run": {"executed_lines": [101, 102, 103, 104], "summary": {"covered_lines": 4, "num_statements": 4, "percent_covered": 100.0, "percent_covered_display": "100", "missing_lines": 0, "excluded_lines": 0, "percent_statements_covered": 100.0, "percent_statements_covered_display": "100"}, "missing_lines": [], "excluded_lines": [], "start_line": 100}, "semantic_snapshot": {"executed_lines": [115, 116, 117, 118], "summary": {"covered_lines": 4, "num_statements": 6, "percent_covered": 66.66666666666667, "percent_covered_display": "67", "missing_lines": 2, "excluded_lines": 0, "percent_statements_covered": 66.66666666666667, "percent_statements_covered_display": "67"}, "missing_lines": [123, 124], "excluded_lines": [], "start_line": 114}, "security_resources": {"executed_lines": [129, 130], "summary": {"covered_lines": 2, "num_statements": 2, "percent_covered": 100.0, "percent_covered_display": "100", "missing_lines": 0, "excluded_lines": 0, "percent_statements_covered": 100.0, "percent_statements_covered_display": "100"}, "missing_lines": [], "excluded_lines": [], "start_line": 128}, "security_profile": {"executed_lines": [140, 141, 142], "summary": {"covered_lines": 3, "num_statements": 3, "percent_covered": 100.0, "percent_covered_display": "100", "missing_lines": 0, "excluded_lines": 0, "percent_statements_covered": 100.0, "percent_statements_covered_display": "100"}, "missing_lines": [], "excluded_lines": [], "start_line": 139}, "security_posture": {"executed_lines": [156, 157, 158, 159, 160, 163, 164, 165, 168, 169, 172, 173, 174, 175, 176, 177, 180, 187, 193, 200], "summary": {"covered_lines": 20, "num_statements": 28, "percent_covered": 71.42857142857143, "percent_covered_display": "71", "missing_lines": 8, "excluded_lines": 0, "percent_statements_covered": 71.42857142857143, "percent_statements_covered_display": "71"}, "missing_lines": [161, 162, 166, 167, 170, 171, 178, 179], "excluded_lines": [], "start_line": 155}, "": {"executed_lines": [1, 3, 4, 5, 7, 8, 9, 10, 11, 12, 13, 15, 17, 20, 23, 24, 27, 28, 31, 32, 33, 34, 35, 36, 37, 38, 39, 42, 43, 44, 45, 46, 49, 50, 51, 52, 55, 56, 57, 58, 59, 62, 66, 70, 71, 75, 76, 82, 83, 91, 92, 99, 100, 113, 114, 127, 128, 138, 139, 154, 155], "summary": {"covered_lines": 61, "num_statements": 61, "percent_covered": 100.0, "percent_covered_display": "100", "missing_lines": 0, "excluded_lines": 0, "percent_statements_covered": 100.0, "percent_statements_covered_display": "100"}, "missing_lines": [], "excluded_lines": [], "start_line": 1}}, "classes": {"NegotiateRequest": {"executed_lines": [], "summary": {"covered_lines": 0, "num_statements": 0, "percent_covered": 100.0, "percent_covered_display": "100", "missing_lines": 0, "excluded_lines": 0, "percent_statements_covered": 100.0, "percent_statements_covered_display": "100"}, "missing_lines": [], "excluded_lines": [], "start_line": 23}, "CheckpointRequest": {"executed_lines": [], "summary": {"covered_lines": 0, "num_statements": 0, "percent_covered": 100.0, "percent_covered_display": "100", "missing_lines": 0, "excluded_lines": 0, "percent_statements_covered": 100.0, "percent_statements_covered_display": "100"}, "missing_lines": [], "excluded_lines": [], "start_line": 27}, "ProfileResponse": {"executed_lines": [], "summary": {"covered_lines": 0, "num_statements": 0, "percent_covered": 100.0, "percent_covered_display": "100", "missing_lines": 0, "excluded_lines": 0, "percent_statements_covered": 100.0, "percent_statements_covered_display": "100"}, "missing_lines": [], "excluded_lines": [], "start_line": 31}, "ResourceResponse": {"executed_lines": [], "summary": {"covered_lines": 0, "num_statements": 0, "percent_covered": 100.0, "percent_covered_display": "100", "missing_lines": 0, "excluded_lines": 0, "percent_statements_covered": 100.0, "percent_statements_covered_display": "100"}, "missing_lines": [], "excluded_lines": [], "start_line": 42}, "PostureResponse": {"executed_lines": [], "summary": {"covered_lines": 0, "num_statements": 0, "percent_covered": 100.0, "percent_covered_display": "100", "missing_lines": 0, "excluded_lines": 0, "percent_statements_covered": 100.0, "percent_statements_covered_display": "100"}, "missing_lines": [], "excluded_lines": [], "start_line": 49}, "RedTeamResult": {"executed_lines": [], "summary": {"covered_lines": 0, "num_statements": 0, "percent_covered": 100.0, "percent_covered_display": "100", "missing_lines": 0, "excluded_lines": 0, "percent_statements_covered": 100.0, "percent_statements_covered_display": "100"}, "missing_lines": [], "excluded_lines": [], "start_line": 55}, "": {"executed_lines": [1, 3, 4, 5, 7, 8, 9, 10, 11, 12, 13, 15, 17, 20, 23, 24, 27, 28, 31, 32, 33, 34, 35, 36, 37, 38, 39, 42, 43, 44, 45, 46, 49, 50, 51, 52, 55, 56, 57, 58, 59, 62, 63, 66, 67, 70, 71, 72, 75, 76, 77, 78, 79, 82, 83, 84, 86, 87, 88, 91, 92, 93, 94, 95, 96, 99, 100, 101, 102, 103, 104, 113, 114, 115, 116, 117, 118, 127, 128, 129, 130, 138, 139, 140, 141, 142, 154, 155, 156, 157, 158, 159, 160, 163, 164, 165, 168, 169, 172, 173, 174, 175, 176, 177, 180, 187, 193, 200], "summary": {"covered_lines": 108, "num_statements": 118, "percent_covered": 91.52542372881356, "percent_covered_display": "92", "missing_lines": 10, "excluded_lines": 0, "percent_statements_covered": 91.52542372881356, "percent_statements_covered_display": "92"}, "missing_lines": [123, 124, 161, 162, 166, 167, 170, 171, 178, 179], "excluded_lines": [], "start_line": 1}}}, "msb_v2/api/cognitive_verification.py": {"executed_lines": [1, 3, 4, 6, 7, 9, 11, 14, 15, 16, 17, 18, 19, 20, 23, 24, 25, 28, 29, 30, 31, 32, 33, 36, 37, 38, 39, 42, 43, 44, 45, 46, 47, 48, 49, 50, 51, 52, 53, 54, 58, 59, 60], "summary": {"covered_lines": 43, "num_statements": 46, "percent_covered": 93.47826086956522, "percent_covered_display": "93", "missing_lines": 3, "excluded_lines": 0, "percent_statements_covered": 93.47826086956522, "percent_statements_covered_display": "93"}, "missing_lines": [55, 56, 57], "excluded_lines": [], "functions": {"_verify_step": {"executed_lines": [29, 30, 31, 32, 33], "summary": {"covered_lines": 5, "num_statements": 5, "percent_covered": 100.0, "percent_covered_display": "100", "missing_lines": 0, "excluded_lines": 0, "percent_statements_covered": 100.0, "percent_statements_covered_display": "100"}, "missing_lines": [], "excluded_lines": [], "start_line": 28}, "verify_merkle": {"executed_lines": [38, 39], "summary": {"covered_lines": 2, "num_statements": 2, "percent_covered": 100.0, "percent_covered_display": "100", "missing_lines": 0, "excluded_lines": 0, "percent_statements_covered": 100.0, "percent_statements_covered_display": "100"}, "missing_lines": [], "excluded_lines": [], "start_line": 37}, "semantic_drift": {"executed_lines": [44, 45, 46, 47, 48, 49, 50, 51, 52, 53, 54, 58, 59, 60], "summary": {"covered_lines": 14, "num_statements": 17, "percent_covered": 82.3529411764706, "percent_covered_display": "82", "missing_lines": 3, "excluded_lines": 0, "percent_statements_covered": 82.3529411764706, "percent_statements_covered_display": "82"}, "missing_lines": [55, 56, 57], "excluded_lines": [], "start_line": 43}, "": {"executed_lines": [1, 3, 4, 6, 7, 9, 11, 14, 15, 16, 17, 18, 19, 20, 23, 24, 25, 28, 36, 37, 42, 43], "summary": {"covered_lines": 22, "num_statements": 22, "percent_covered": 100.0, "percent_covered_display": "100", "missing_lines": 0, "excluded_lines": 0, "percent_statements_covered": 100.0, "percent_statements_covered_display": "100"}, "missing_lines": [], "excluded_lines": [], "start_line": 1}}, "classes": {"MerkleVerifyRequest": {"executed_lines": [], "summary": {"covered_lines": 0, "num_statements": 0, "percent_covered": 100.0, "percent_covered_display": "100", "missing_lines": 0, "excluded_lines": 0, "percent_statements_covered": 100.0, "percent_statements_covered_display": "100"}, "missing_lines": [], "excluded_lines": [], "start_line": 14}, "SemanticDriftRequest": {"executed_lines": [], "summary": {"covered_lines": 0, "num_statements": 0, "percent_covered": 100.0, "percent_covered_display": "100", "missing_lines": 0, "excluded_lines": 0, "percent_statements_covered": 100.0, "percent_statements_covered_display": "100"}, "missing_lines": [], "excluded_lines": [], "start_line": 23}, "": {"executed_lines": [1, 3, 4, 6, 7, 9, 11, 14, 15, 16, 17, 18, 19, 20, 23, 24, 25, 28, 29, 30, 31, 32, 33, 36, 37, 38, 39, 42, 43, 44, 45, 46, 47, 48, 49, 50, 51, 52, 53, 54, 58, 59, 60], "summary": {"covered_lines": 43, "num_statements": 46, "percent_covered": 93.47826086956522, "percent_covered_display": "93", "missing_lines": 3, "excluded_lines": 0, "percent_statements_covered": 93.47826086956522, "percent_statements_covered_display": "93"}, "missing_lines": [55, 56, 57], "excluded_lines": [], "start_line": 1}}}, "msb_v2/api/counterfactual.py": {"executed_lines": [1, 3, 5, 6, 8, 9, 11, 14, 15, 16, 17, 18, 21, 22, 35, 36], "summary": {"covered_lines": 16, "num_statements": 42, "percent_covered": 38.095238095238095, "percent_covered_display": "38", "missing_lines": 26, "excluded_lines": 0, "percent_statements_covered": 38.095238095238095, "percent_statements_covered_display": "38"}, "missing_lines": [23, 24, 31, 32, 37, 38, 39, 40, 41, 42, 43, 45, 46, 47, 48, 49, 50, 51, 52, 53, 54, 55, 66, 67, 68, 69], "excluded_lines": [], "functions": {"counterfactual_branch": {"executed_lines": [], "summary": {"covered_lines": 0, "num_statements": 4, "percent_covered": 0.0, "percent_covered_display": "0", "missing_lines": 4, "excluded_lines": 0, "percent_statements_covered": 0.0, "percent_statements_covered_display": "0"}, "missing_lines": [23, 24, 31, 32], "excluded_lines": [], "start_line": 22}, "scan": {"executed_lines": [], "summary": {"covered_lines": 0, "num_statements": 22, "percent_covered": 0.0, "percent_covered_display": "0", "missing_lines": 22, "excluded_lines": 0, "percent_statements_covered": 0.0, "percent_statements_covered_display": "0"}, "missing_lines": [37, 38, 39, 40, 41, 42, 43, 45, 46, 47, 48, 49, 50, 51, 52, 53, 54, 55, 66, 67, 68, 69], "excluded_lines": [], "start_line": 36}, "": {"executed_lines": [1, 3, 5, 6, 8, 9, 11, 14, 15, 16, 17, 18, 21, 22, 35, 36], "summary": {"covered_lines": 16, "num_statements": 16, "percent_covered": 100.0, "percent_covered_display": "100", "missing_lines": 0, "excluded_lines": 0, "percent_statements_covered": 100.0, "percent_statements_covered_display": "100"}, "missing_lines": [], "excluded_lines": [], "start_line": 1}}, "classes": {"CounterfactualRequest": {"executed_lines": [], "summary": {"covered_lines": 0, "num_statements": 0, "percent_covered": 100.0, "percent_covered_display": "100", "missing_lines": 0, "excluded_lines": 0, "percent_statements_covered": 100.0, "percent_statements_covered_display": "100"}, "missing_lines": [], "excluded_lines": [], "start_line": 14}, "": {"executed_lines": [1, 3, 5, 6, 8, 9, 11, 14, 15, 16, 17, 18, 21, 22, 35, 36], "summary": {"covered_lines": 16, "num_statements": 42, "percent_covered": 38.095238095238095, "percent_covered_display": "38", "missing_lines": 26, "excluded_lines": 0, "percent_statements_covered": 38.095238095238095, "percent_statements_covered_display": "38"}, "missing_lines": [23, 24, 31, 32, 37, 38, 39, 40, 41, 42, 43, 45, 46, 47, 48, 49, 50, 51, 52, 53, 54, 55, 66, 67, 68, 69], "excluded_lines": [], "start_line": 1}}}, "msb_v2/api/deepseek.py": {"executed_lines": [1, 3, 4, 6, 7, 9, 10, 11, 12, 14, 15, 16, 19, 20, 21, 22, 25, 26, 27, 29, 30, 31, 32, 43, 44, 45, 46, 54, 55, 56, 57, 58, 66, 67], "summary": {"covered_lines": 34, "num_statements": 48, "percent_covered": 70.83333333333333, "percent_covered_display": "71", "missing_lines": 14, "excluded_lines": 0, "percent_statements_covered": 70.83333333333333, "percent_statements_covered_display": "71"}, "missing_lines": [41, 69, 70, 72, 73, 74, 76, 77, 85, 86, 87, 88, 96, 98], "excluded_lines": [], "functions": {"deepseek_chat": {"executed_lines": [27, 29, 30, 31, 32, 43, 44, 45, 46, 54, 55, 56, 57, 58, 66, 67], "summary": {"covered_lines": 16, "num_statements": 30, "percent_covered": 53.333333333333336, "percent_covered_display": "53", "missing_lines": 14, "excluded_lines": 0, "percent_statements_covered": 53.333333333333336, "percent_statements_covered_display": "53"}, "missing_lines": [41, 69, 70, 72, 73, 74, 76, 77, 85, 86, 87, 88, 96, 98], "excluded_lines": [], "start_line": 26}, "": {"executed_lines": [1, 3, 4, 6, 7, 9, 10, 11, 12, 14, 15, 16, 19, 20, 21, 22, 25, 26], "summary": {"covered_lines": 18, "num_statements": 18, "percent_covered": 100.0, "percent_covered_display": "100", "missing_lines": 0, "excluded_lines": 0, "percent_statements_covered": 100.0, "percent_statements_covered_display": "100"}, "missing_lines": [], "excluded_lines": [], "start_line": 1}}, "classes": {"DeepSeekChatRequest": {"executed_lines": [], "summary": {"covered_lines": 0, "num_statements": 0, "percent_covered": 100.0, "percent_covered_display": "100", "missing_lines": 0, "excluded_lines": 0, "percent_statements_covered": 100.0, "percent_statements_covered_display": "100"}, "missing_lines": [], "excluded_lines": [], "start_line": 19}, "": {"executed_lines": [1, 3, 4, 6, 7, 9, 10, 11, 12, 14, 15, 16, 19, 20, 21, 22, 25, 26, 27, 29, 30, 31, 32, 43, 44, 45, 46, 54, 55, 56, 57, 58, 66, 67], "summary": {"covered_lines": 34, "num_statements": 48, "percent_covered": 70.83333333333333, "percent_covered_display": "71", "missing_lines": 14, "excluded_lines": 0, "percent_statements_covered": 70.83333333333333, "percent_statements_covered_display": "71"}, "missing_lines": [41, 69, 70, 72, 73, 74, 76, 77, 85, 86, 87, 88, 96, 98], "excluded_lines": [], "start_line": 1}}}, "msb_v2/api/demo.py": {"executed_lines": [1, 3, 4, 6, 7, 8, 10, 11, 12, 13, 15, 18, 19, 22, 25, 26, 27, 28, 31, 32, 49, 57, 60, 61, 62, 72, 75, 76, 77, 89, 90, 91, 102, 112, 115, 169, 170, 171, 172, 174, 175, 184, 185, 193, 194, 195, 196, 197, 199, 208, 209, 223, 224], "summary": {"covered_lines": 53, "num_statements": 82, "percent_covered": 64.63414634146342, "percent_covered_display": "65", "missing_lines": 29, "excluded_lines": 0, "percent_statements_covered": 64.63414634146342, "percent_statements_covered_display": "65"}, "missing_lines": [116, 117, 118, 119, 120, 122, 127, 128, 129, 134, 141, 144, 145, 153, 154, 155, 156, 157, 165, 166, 176, 225, 226, 235, 236, 237, 238, 247, 248], "excluded_lines": [], "functions": {"_scorer_enabled": {"executed_lines": [19], "summary": {"covered_lines": 1, "num_statements": 1, "percent_covered": 100.0, "percent_covered_display": "100", "missing_lines": 0, "excluded_lines": 0, "percent_statements_covered": 100.0, "percent_statements_covered_display": "100"}, "missing_lines": [], "excluded_lines": [], "start_line": 18}, "_default_events": {"executed_lines": [32, 49, 57], "summary": {"covered_lines": 3, "num_statements": 3, "percent_covered": 100.0, "percent_covered_display": "100", "missing_lines": 0, "excluded_lines": 0, "percent_statements_covered": 100.0, "percent_statements_covered_display": "100"}, "missing_lines": [], "excluded_lines": [], "start_line": 31}, "_build_events": {"executed_lines": [61, 62, 72], "summary": {"covered_lines": 3, "num_statements": 3, "percent_covered": 100.0, "percent_covered_display": "100", "missing_lines": 0, "excluded_lines": 0, "percent_statements_covered": 100.0, "percent_statements_covered_display": "100"}, "missing_lines": [], "excluded_lines": [], "start_line": 60}, "_append_events": {"executed_lines": [76, 77], "summary": {"covered_lines": 2, "num_statements": 2, "percent_covered": 100.0, "percent_covered_display": "100", "missing_lines": 0, "excluded_lines": 0, "percent_statements_covered": 100.0, "percent_statements_covered_display": "100"}, "missing_lines": [], "excluded_lines": [], "start_line": 75}, "_assess": {"executed_lines": [90, 91, 102, 112], "summary": {"covered_lines": 4, "num_statements": 4, "percent_covered": 100.0, "percent_covered_display": "100", "missing_lines": 0, "excluded_lines": 0, "percent_statements_covered": 100.0, "percent_statements_covered_display": "100"}, "missing_lines": [], "excluded_lines": [], "start_line": 89}, "_run_adk_query": {"executed_lines": [], "summary": {"covered_lines": 0, "num_statements": 20, "percent_covered": 0.0, "percent_covered_display": "0", "missing_lines": 20, "excluded_lines": 0, "percent_statements_covered": 0.0, "percent_statements_covered_display": "0"}, "missing_lines": [116, 117, 118, 119, 120, 122, 127, 128, 129, 134, 141, 144, 145, 153, 154, 155, 156, 157, 165, 166], "excluded_lines": [], "start_line": 115}, "demo_query": {"executed_lines": [171, 172, 174, 175, 184, 185, 193, 194, 195, 196, 197, 199, 208, 209], "summary": {"covered_lines": 14, "num_statements": 15, "percent_covered": 93.33333333333333, "percent_covered_display": "93", "missing_lines": 1, "excluded_lines": 0, "percent_statements_covered": 93.33333333333333, "percent_statements_covered_display": "93"}, "missing_lines": [176], "excluded_lines": [], "start_line": 170}, "demo_query_adk": {"executed_lines": [], "summary": {"covered_lines": 0, "num_statements": 8, "percent_covered": 0.0, "percent_covered_display": "0", "missing_lines": 8, "excluded_lines": 0, "percent_statements_covered": 0.0, "percent_statements_covered_display": "0"}, "missing_lines": [225, 226, 235, 236, 237, 238, 247, 248], "excluded_lines": [], "start_line": 224}, "": {"executed_lines": [1, 3, 4, 6, 7, 8, 10, 11, 12, 13, 15, 18, 22, 25, 26, 27, 28, 31, 60, 75, 89, 115, 169, 170, 223, 224], "summary": {"covered_lines": 26, "num_statements": 26, "percent_covered": 100.0, "percent_covered_display": "100", "missing_lines": 0, "excluded_lines": 0, "percent_statements_covered": 100.0, "percent_statements_covered_display": "100"}, "missing_lines": [], "excluded_lines": [], "start_line": 1}}, "classes": {"DemoQueryRequest": {"executed_lines": [], "summary": {"covered_lines": 0, "num_statements": 0, "percent_covered": 100.0, "percent_covered_display": "100", "missing_lines": 0, "excluded_lines": 0, "percent_statements_covered": 100.0, "percent_statements_covered_display": "100"}, "missing_lines": [], "excluded_lines": [], "start_line": 25}, "": {"executed_lines": [1, 3, 4, 6, 7, 8, 10, 11, 12, 13, 15, 18, 19, 22, 25, 26, 27, 28, 31, 32, 49, 57, 60, 61, 62, 72, 75, 76, 77, 89, 90, 91, 102, 112, 115, 169, 170, 171, 172, 174, 175, 184, 185, 193, 194, 195, 196, 197, 199, 208, 209, 223, 224], "summary": {"covered_lines": 53, "num_statements": 82, "percent_covered": 64.63414634146342, "percent_covered_display": "65", "missing_lines": 29, "excluded_lines": 0, "percent_statements_covered": 64.63414634146342, "percent_statements_covered_display": "65"}, "missing_lines": [116, 117, 118, 119, 120, 122, 127, 128, 129, 134, 141, 144, 145, 153, 154, 155, 156, 157, 165, 166, 176, 225, 226, 235, 236, 237, 238, 247, 248], "excluded_lines": [], "start_line": 1}}}, "msb_v2/api/eve.py": {"executed_lines": [1, 3, 4, 6, 7, 9, 10, 12, 15, 16, 17, 18, 19, 20, 23, 24, 25, 26, 27, 28], "summary": {"covered_lines": 20, "num_statements": 20, "percent_covered": 100.0, "percent_covered_display": "100", "missing_lines": 0, "excluded_lines": 0, "percent_statements_covered": 100.0, "percent_statements_covered_display": "100"}, "missing_lines": [], "excluded_lines": [], "functions": {"eve_manifest": {"executed_lines": [25, 26, 27, 28], "summary": {"covered_lines": 4, "num_statements": 4, "percent_covered": 100.0, "percent_covered_display": "100", "missing_lines": 0, "excluded_lines": 0, "percent_statements_covered": 100.0, "percent_statements_covered_display": "100"}, "missing_lines": [], "excluded_lines": [], "start_line": 24}, "": {"executed_lines": [1, 3, 4, 6, 7, 9, 10, 12, 15, 16, 17, 18, 19, 20, 23, 24], "summary": {"covered_lines": 16, "num_statements": 16, "percent_covered": 100.0, "percent_covered_display": "100", "missing_lines": 0, "excluded_lines": 0, "percent_statements_covered": 100.0, "percent_statements_covered_display": "100"}, "missing_lines": [], "excluded_lines": [], "start_line": 1}}, "classes": {"ManifestResponse": {"executed_lines": [], "summary": {"covered_lines": 0, "num_statements": 0, "percent_covered": 100.0, "percent_covered_display": "100", "missing_lines": 0, "excluded_lines": 0, "percent_statements_covered": 100.0, "percent_statements_covered_display": "100"}, "missing_lines": [], "excluded_lines": [], "start_line": 15}, "": {"executed_lines": [1, 3, 4, 6, 7, 9, 10, 12, 15, 16, 17, 18, 19, 20, 23, 24, 25, 26, 27, 28], "summary": {"covered_lines": 20, "num_statements": 20, "percent_covered": 100.0, "percent_covered_display": "100", "missing_lines": 0, "excluded_lines": 0, "percent_statements_covered": 100.0, "percent_statements_covered_display": "100"}, "missing_lines": [], "excluded_lines": [], "start_line": 1}}}, "msb_v2/api/eve_schedules.py": {"executed_lines": [1, 3, 4, 6, 7, 9, 10, 12, 13, 16, 17, 18, 19, 20, 23, 24, 25, 26, 27, 28, 29, 30, 31, 32, 33, 41], "summary": {"covered_lines": 26, "num_statements": 26, "percent_covered": 100.0, "percent_covered_display": "100", "missing_lines": 0, "excluded_lines": 0, "percent_statements_covered": 100.0, "percent_statements_covered_display": "100"}, "missing_lines": [], "excluded_lines": [], "functions": {"eve_schedules": {"executed_lines": [25, 26, 27, 28, 29, 30, 31, 32, 33, 41], "summary": {"covered_lines": 10, "num_statements": 10, "percent_covered": 100.0, "percent_covered_display": "100", "missing_lines": 0, "excluded_lines": 0, "percent_statements_covered": 100.0, "percent_statements_covered_display": "100"}, "missing_lines": [], "excluded_lines": [], "start_line": 24}, "": {"executed_lines": [1, 3, 4, 6, 7, 9, 10, 12, 13, 16, 17, 18, 19, 20, 23, 24], "summary": {"covered_lines": 16, "num_statements": 16, "percent_covered": 100.0, "percent_covered_display": "100", "missing_lines": 0, "excluded_lines": 0, "percent_statements_covered": 100.0, "percent_statements_covered_display": "100"}, "missing_lines": [], "excluded_lines": [], "start_line": 1}}, "classes": {"ScheduleResponse": {"executed_lines": [], "summary": {"covered_lines": 0, "num_statements": 0, "percent_covered": 100.0, "percent_covered_display": "100", "missing_lines": 0, "excluded_lines": 0, "percent_statements_covered": 100.0, "percent_statements_covered_display": "100"}, "missing_lines": [], "excluded_lines": [], "start_line": 16}, "": {"executed_lines": [1, 3, 4, 6, 7, 9, 10, 12, 13, 16, 17, 18, 19, 20, 23, 24, 25, 26, 27, 28, 29, 30, 31, 32, 33, 41], "summary": {"covered_lines": 26, "num_statements": 26, "percent_covered": 100.0, "percent_covered_display": "100", "missing_lines": 0, "excluded_lines": 0, "percent_statements_covered": 100.0, "percent_statements_covered_display": "100"}, "missing_lines": [], "excluded_lines": [], "start_line": 1}}}, "msb_v2/api/imagination.py": {"executed_lines": [1, 3, 4, 5, 6, 8, 9, 11, 13, 14, 17, 18, 19, 22, 23, 26, 27, 28, 29, 32, 33, 34, 36, 39, 40, 41, 44, 45, 46, 47, 48, 49, 55, 56, 59, 60, 61, 62, 64], "summary": {"covered_lines": 39, "num_statements": 41, "percent_covered": 95.1219512195122, "percent_covered_display": "95", "missing_lines": 2, "excluded_lines": 0, "percent_statements_covered": 95.1219512195122, "percent_statements_covered_display": "95"}, "missing_lines": [35, 63], "excluded_lines": [], "functions": {"_ensure_dir": {"executed_lines": [23], "summary": {"covered_lines": 1, "num_statements": 1, "percent_covered": 100.0, "percent_covered_display": "100", "missing_lines": 0, "excluded_lines": 0, "percent_statements_covered": 100.0, "percent_statements_covered_display": "100"}, "missing_lines": [], "excluded_lines": [], "start_line": 22}, "_store_dream": {"executed_lines": [27, 28, 29], "summary": {"covered_lines": 3, "num_statements": 3, "percent_covered": 100.0, "percent_covered_display": "100", "missing_lines": 0, "excluded_lines": 0, "percent_statements_covered": 100.0, "percent_statements_covered_display": "100"}, "missing_lines": [], "excluded_lines": [], "start_line": 26}, "_load_dream": {"executed_lines": [33, 34, 36], "summary": {"covered_lines": 3, "num_statements": 4, "percent_covered": 75.0, "percent_covered_display": "75", "missing_lines": 1, "excluded_lines": 0, "percent_statements_covered": 75.0, "percent_statements_covered_display": "75"}, "missing_lines": [35], "excluded_lines": [], "start_line": 32}, "imagination_ping": {"executed_lines": [41], "summary": {"covered_lines": 1, "num_statements": 1, "percent_covered": 100.0, "percent_covered_display": "100", "missing_lines": 0, "excluded_lines": 0, "percent_statements_covered": 100.0, "percent_statements_covered_display": "100"}, "missing_lines": [], "excluded_lines": [], "start_line": 40}, "imagination_dream": {"executed_lines": [46, 47, 48, 49, 55, 56], "summary": {"covered_lines": 6, "num_statements": 6, "percent_covered": 100.0, "percent_covered_display": "100", "missing_lines": 0, "excluded_lines": 0, "percent_statements_covered": 100.0, "percent_statements_covered_display": "100"}, "missing_lines": [], "excluded_lines": [], "start_line": 45}, "imagination_dream_get": {"executed_lines": [61, 62, 64], "summary": {"covered_lines": 3, "num_statements": 4, "percent_covered": 75.0, "percent_covered_display": "75", "missing_lines": 1, "excluded_lines": 0, "percent_statements_covered": 75.0, "percent_statements_covered_display": "75"}, "missing_lines": [63], "excluded_lines": [], "start_line": 60}, "": {"executed_lines": [1, 3, 4, 5, 6, 8, 9, 11, 13, 14, 17, 18, 19, 22, 26, 32, 39, 40, 44, 45, 59, 60], "summary": {"covered_lines": 22, "num_statements": 22, "percent_covered": 100.0, "percent_covered_display": "100", "missing_lines": 0, "excluded_lines": 0, "percent_statements_covered": 100.0, "percent_statements_covered_display": "100"}, "missing_lines": [], "excluded_lines": [], "start_line": 1}}, "classes": {"DreamRequest": {"executed_lines": [], "summary": {"covered_lines": 0, "num_statements": 0, "percent_covered": 100.0, "percent_covered_display": "100", "missing_lines": 0, "excluded_lines": 0, "percent_statements_covered": 100.0, "percent_statements_covered_display": "100"}, "missing_lines": [], "excluded_lines": [], "start_line": 17}, "": {"executed_lines": [1, 3, 4, 5, 6, 8, 9, 11, 13, 14, 17, 18, 19, 22, 23, 26, 27, 28, 29, 32, 33, 34, 36, 39, 40, 41, 44, 45, 46, 47, 48, 49, 55, 56, 59, 60, 61, 62, 64], "summary": {"covered_lines": 39, "num_statements": 41, "percent_covered": 95.1219512195122, "percent_covered_display": "95", "missing_lines": 2, "excluded_lines": 0, "percent_statements_covered": 95.1219512195122, "percent_statements_covered_display": "95"}, "missing_lines": [35, 63], "excluded_lines": [], "start_line": 1}}}, "msb_v2/api/main.py": {"executed_lines": [1, 3, 5, 7, 9, 10, 19], "summary": {"covered_lines": 7, "num_statements": 9, "percent_covered": 77.77777777777777, "percent_covered_display": "78", "missing_lines": 2, "excluded_lines": 0, "percent_statements_covered": 77.77777777777777, "percent_statements_covered_display": "78"}, "missing_lines": [20, 22], "excluded_lines": [], "functions": {"": {"executed_lines": [1, 3, 5, 7, 9, 10, 19], "summary": {"covered_lines": 7, "num_statements": 9, "percent_covered": 77.77777777777777, "percent_covered_display": "78", "missing_lines": 2, "excluded_lines": 0, "percent_statements_covered": 77.77777777777777, "percent_statements_covered_display": "78"}, "missing_lines": [20, 22], "excluded_lines": [], "start_line": 1}}, "classes": {"": {"executed_lines": [1, 3, 5, 7, 9, 10, 19], "summary": {"covered_lines": 7, "num_statements": 9, "percent_covered": 77.77777777777777, "percent_covered_display": "78", "missing_lines": 2, "excluded_lines": 0, "percent_statements_covered": 77.77777777777777, "percent_statements_covered_display": "78"}, "missing_lines": [20, 22], "excluded_lines": [], "start_line": 1}}}, "msb_v2/api/memory.py": {"executed_lines": [1, 3, 4, 6, 7, 9, 10, 12, 14, 17, 18, 19, 20, 21, 22, 23, 24, 25, 26, 27, 28, 29, 30, 31, 32, 33, 36, 37, 38, 39, 42, 43, 44, 47, 48, 72, 73, 77, 78, 83, 84, 89, 90, 102, 103], "summary": {"covered_lines": 45, "num_statements": 57, "percent_covered": 78.94736842105263, "percent_covered_display": "79", "missing_lines": 12, "excluded_lines": 0, "percent_statements_covered": 78.94736842105263, "percent_statements_covered_display": "79"}, "missing_lines": [49, 68, 69, 74, 79, 80, 85, 86, 91, 92, 104, 105], "excluded_lines": [], "functions": {"memory_add": {"executed_lines": [], "summary": {"covered_lines": 0, "num_statements": 3, "percent_covered": 0.0, "percent_covered_display": "0", "missing_lines": 3, "excluded_lines": 0, "percent_statements_covered": 0.0, "percent_statements_covered_display": "0"}, "missing_lines": [49, 68, 69], "excluded_lines": [], "start_line": 48}, "memory_health": {"executed_lines": [], "summary": {"covered_lines": 0, "num_statements": 1, "percent_covered": 0.0, "percent_covered_display": "0", "missing_lines": 1, "excluded_lines": 0, "percent_statements_covered": 0.0, "percent_statements_covered_display": "0"}, "missing_lines": [74], "excluded_lines": [], "start_line": 73}, "memory_search": {"executed_lines": [], "summary": {"covered_lines": 0, "num_statements": 2, "percent_covered": 0.0, "percent_covered_display": "0", "missing_lines": 2, "excluded_lines": 0, "percent_statements_covered": 0.0, "percent_statements_covered_display": "0"}, "missing_lines": [79, 80], "excluded_lines": [], "start_line": 78}, "memory_consolidate": {"executed_lines": [], "summary": {"covered_lines": 0, "num_statements": 2, "percent_covered": 0.0, "percent_covered_display": "0", "missing_lines": 2, "excluded_lines": 0, "percent_statements_covered": 0.0, "percent_statements_covered_display": "0"}, "missing_lines": [85, 86], "excluded_lines": [], "start_line": 84}, "memory_verify": {"executed_lines": [], "summary": {"covered_lines": 0, "num_statements": 2, "percent_covered": 0.0, "percent_covered_display": "0", "missing_lines": 2, "excluded_lines": 0, "percent_statements_covered": 0.0, "percent_statements_covered_display": "0"}, "missing_lines": [91, 92], "excluded_lines": [], "start_line": 90}, "memory_influence": {"executed_lines": [], "summary": {"covered_lines": 0, "num_statements": 2, "percent_covered": 0.0, "percent_covered_display": "0", "missing_lines": 2, "excluded_lines": 0, "percent_statements_covered": 0.0, "percent_statements_covered_display": "0"}, "missing_lines": [104, 105], "excluded_lines": [], "start_line": 103}, "": {"executed_lines": [1, 3, 4, 6, 7, 9, 10, 12, 14, 17, 18, 19, 20, 21, 22, 23, 24, 25, 26, 27, 28, 29, 30, 31, 32, 33, 36, 37, 38, 39, 42, 43, 44, 47, 48, 72, 73, 77, 78, 83, 84, 89, 90, 102, 103], "summary": {"covered_lines": 45, "num_statements": 45, "percent_covered": 100.0, "percent_covered_display": "100", "missing_lines": 0, "excluded_lines": 0, "percent_statements_covered": 100.0, "percent_statements_covered_display": "100"}, "missing_lines": [], "excluded_lines": [], "start_line": 1}}, "classes": {"MemoryAddRequest": {"executed_lines": [], "summary": {"covered_lines": 0, "num_statements": 0, "percent_covered": 100.0, "percent_covered_display": "100", "missing_lines": 0, "excluded_lines": 0, "percent_statements_covered": 100.0, "percent_statements_covered_display": "100"}, "missing_lines": [], "excluded_lines": [], "start_line": 17}, "MemoryResponse": {"executed_lines": [], "summary": {"covered_lines": 0, "num_statements": 0, "percent_covered": 100.0, "percent_covered_display": "100", "missing_lines": 0, "excluded_lines": 0, "percent_statements_covered": 100.0, "percent_statements_covered_display": "100"}, "missing_lines": [], "excluded_lines": [], "start_line": 36}, "MemoryConsolidateRequest": {"executed_lines": [], "summary": {"covered_lines": 0, "num_statements": 0, "percent_covered": 100.0, "percent_covered_display": "100", "missing_lines": 0, "excluded_lines": 0, "percent_statements_covered": 100.0, "percent_statements_covered_display": "100"}, "missing_lines": [], "excluded_lines": [], "start_line": 42}, "": {"executed_lines": [1, 3, 4, 6, 7, 9, 10, 12, 14, 17, 18, 19, 20, 21, 22, 23, 24, 25, 26, 27, 28, 29, 30, 31, 32, 33, 36, 37, 38, 39, 42, 43, 44, 47, 48, 72, 73, 77, 78, 83, 84, 89, 90, 102, 103], "summary": {"covered_lines": 45, "num_statements": 57, "percent_covered": 78.94736842105263, "percent_covered_display": "79", "missing_lines": 12, "excluded_lines": 0, "percent_statements_covered": 78.94736842105263, "percent_statements_covered_display": "79"}, "missing_lines": [49, 68, 69, 74, 79, 80, 85, 86, 91, 92, 104, 105], "excluded_lines": [], "start_line": 1}}}, "msb_v2/api/moie.py": {"executed_lines": [1, 3, 5, 6, 8, 9, 10, 11, 12, 13, 15, 17, 20, 22, 23, 24, 25, 26, 27, 28, 31, 32, 35, 36, 37, 38, 39, 40], "summary": {"covered_lines": 28, "num_statements": 28, "percent_covered": 100.0, "percent_covered_display": "100", "missing_lines": 0, "excluded_lines": 0, "percent_statements_covered": 100.0, "percent_statements_covered_display": "100"}, "missing_lines": [], "excluded_lines": [], "functions": {"_get_moie": {"executed_lines": [22, 23, 24, 25, 26, 27, 28], "summary": {"covered_lines": 7, "num_statements": 7, "percent_covered": 100.0, "percent_covered_display": "100", "missing_lines": 0, "excluded_lines": 0, "percent_statements_covered": 100.0, "percent_statements_covered_display": "100"}, "missing_lines": [], "excluded_lines": [], "start_line": 20}, "moie_run": {"executed_lines": [37, 38, 39, 40], "summary": {"covered_lines": 4, "num_statements": 4, "percent_covered": 100.0, "percent_covered_display": "100", "missing_lines": 0, "excluded_lines": 0, "percent_statements_covered": 100.0, "percent_statements_covered_display": "100"}, "missing_lines": [], "excluded_lines": [], "start_line": 36}, "": {"executed_lines": [1, 3, 5, 6, 8, 9, 10, 11, 12, 13, 15, 17, 20, 31, 32, 35, 36], "summary": {"covered_lines": 17, "num_statements": 17, "percent_covered": 100.0, "percent_covered_display": "100", "missing_lines": 0, "excluded_lines": 0, "percent_statements_covered": 100.0, "percent_statements_covered_display": "100"}, "missing_lines": [], "excluded_lines": [], "start_line": 1}}, "classes": {"QueryRequest": {"executed_lines": [], "summary": {"covered_lines": 0, "num_statements": 0, "percent_covered": 100.0, "percent_covered_display": "100", "missing_lines": 0, "excluded_lines": 0, "percent_statements_covered": 100.0, "percent_statements_covered_display": "100"}, "missing_lines": [], "excluded_lines": [], "start_line": 31}, "": {"executed_lines": [1, 3, 5, 6, 8, 9, 10, 11, 12, 13, 15, 17, 20, 22, 23, 24, 25, 26, 27, 28, 31, 32, 35, 36, 37, 38, 39, 40], "summary": {"covered_lines": 28, "num_statements": 28, "percent_covered": 100.0, "percent_covered_display": "100", "missing_lines": 0, "excluded_lines": 0, "percent_statements_covered": 100.0, "percent_statements_covered_display": "100"}, "missing_lines": [], "excluded_lines": [], "start_line": 1}}}, "msb_v2/api/moie_slug.py": {"executed_lines": [1, 3, 4, 5, 6, 8, 9, 11, 12, 15, 16, 17, 20, 21, 22, 23, 24, 27, 28, 29, 30, 31, 32, 35, 36, 38, 39, 40, 42, 45, 46, 47, 48, 49, 50, 53, 54, 57, 58, 59, 61, 62, 64, 67, 68, 69, 71, 72, 74, 75, 76, 77, 78, 79, 82, 83, 84, 85, 86, 87, 90, 92, 93, 94, 95, 96, 97, 98, 99, 100], "summary": {"covered_lines": 70, "num_statements": 79, "percent_covered": 88.60759493670886, "percent_covered_display": "89", "missing_lines": 9, "excluded_lines": 0, "percent_statements_covered": 88.60759493670886, "percent_statements_covered_display": "89"}, "missing_lines": [37, 41, 60, 63, 70, 73, 88, 89, 91], "excluded_lines": [], "functions": {"_slugify": {"executed_lines": [21, 22, 23, 24], "summary": {"covered_lines": 4, "num_statements": 4, "percent_covered": 100.0, "percent_covered_display": "100", "missing_lines": 0, "excluded_lines": 0, "percent_statements_covered": 100.0, "percent_statements_covered_display": "100"}, "missing_lines": [], "excluded_lines": [], "start_line": 20}, "_store_artifact": {"executed_lines": [28, 29, 30, 31, 32], "summary": {"covered_lines": 5, "num_statements": 5, "percent_covered": 100.0, "percent_covered_display": "100", "missing_lines": 0, "excluded_lines": 0, "percent_statements_covered": 100.0, "percent_statements_covered_display": "100"}, "missing_lines": [], "excluded_lines": [], "start_line": 27}, "_load_artifact": {"executed_lines": [36, 38, 39, 40, 42], "summary": {"covered_lines": 5, "num_statements": 7, "percent_covered": 71.42857142857143, "percent_covered_display": "71", "missing_lines": 2, "excluded_lines": 0, "percent_statements_covered": 71.42857142857143, "percent_statements_covered_display": "71"}, "missing_lines": [37, 41], "excluded_lines": [], "start_line": 35}, "moie_slug_store": {"executed_lines": [47, 48, 49, 50], "summary": {"covered_lines": 4, "num_statements": 4, "percent_covered": 100.0, "percent_covered_display": "100", "missing_lines": 0, "excluded_lines": 0, "percent_statements_covered": 100.0, "percent_statements_covered_display": "100"}, "missing_lines": [], "excluded_lines": [], "start_line": 46}, "_is_reserved_path": {"executed_lines": [54], "summary": {"covered_lines": 1, "num_statements": 1, "percent_covered": 100.0, "percent_covered_display": "100", "missing_lines": 0, "excluded_lines": 0, "percent_statements_covered": 100.0, "percent_statements_covered_display": "100"}, "missing_lines": [], "excluded_lines": [], "start_line": 53}, "moie_slug_get": {"executed_lines": [59, 61, 62, 64], "summary": {"covered_lines": 4, "num_statements": 6, "percent_covered": 66.66666666666667, "percent_covered_display": "67", "missing_lines": 2, "excluded_lines": 0, "percent_statements_covered": 66.66666666666667, "percent_statements_covered_display": "67"}, "missing_lines": [60, 63], "excluded_lines": [], "start_line": 58}, "moie_slug_crystallization": {"executed_lines": [69, 71, 72, 74, 75, 76, 77, 78, 79], "summary": {"covered_lines": 9, "num_statements": 11, "percent_covered": 81.81818181818181, "percent_covered_display": "82", "missing_lines": 2, "excluded_lines": 0, "percent_statements_covered": 81.81818181818181, "percent_statements_covered_display": "82"}, "missing_lines": [70, 73], "excluded_lines": [], "start_line": 68}, "moie_search": {"executed_lines": [84, 85, 86, 87, 90, 92, 93, 94, 95, 96, 97, 98, 99, 100], "summary": {"covered_lines": 14, "num_statements": 17, "percent_covered": 82.3529411764706, "percent_covered_display": "82", "missing_lines": 3, "excluded_lines": 0, "percent_statements_covered": 82.3529411764706, "percent_statements_covered_display": "82"}, "missing_lines": [88, 89, 91], "excluded_lines": [], "start_line": 83}, "": {"executed_lines": [1, 3, 4, 5, 6, 8, 9, 11, 12, 15, 16, 17, 20, 27, 35, 45, 46, 53, 57, 58, 67, 68, 82, 83], "summary": {"covered_lines": 24, "num_statements": 24, "percent_covered": 100.0, "percent_covered_display": "100", "missing_lines": 0, "excluded_lines": 0, "percent_statements_covered": 100.0, "percent_statements_covered_display": "100"}, "missing_lines": [], "excluded_lines": [], "start_line": 1}}, "classes": {"MoIESearchRequest": {"executed_lines": [], "summary": {"covered_lines": 0, "num_statements": 0, "percent_covered": 100.0, "percent_covered_display": "100", "missing_lines": 0, "excluded_lines": 0, "percent_statements_covered": 100.0, "percent_statements_covered_display": "100"}, "missing_lines": [], "excluded_lines": [], "start_line": 15}, "": {"executed_lines": [1, 3, 4, 5, 6, 8, 9, 11, 12, 15, 16, 17, 20, 21, 22, 23, 24, 27, 28, 29, 30, 31, 32, 35, 36, 38, 39, 40, 42, 45, 46, 47, 48, 49, 50, 53, 54, 57, 58, 59, 61, 62, 64, 67, 68, 69, 71, 72, 74, 75, 76, 77, 78, 79, 82, 83, 84, 85, 86, 87, 90, 92, 93, 94, 95, 96, 97, 98, 99, 100], "summary": {"covered_lines": 70, "num_statements": 79, "percent_covered": 88.60759493670886, "percent_covered_display": "89", "missing_lines": 9, "excluded_lines": 0, "percent_statements_covered": 88.60759493670886, "percent_statements_covered_display": "89"}, "missing_lines": [37, 41, 60, 63, 70, 73, 88, 89, 91], "excluded_lines": [], "start_line": 1}}}, "msb_v2/api/observability.py": {"executed_lines": [1, 3, 5, 6, 8, 9, 10, 12, 13, 16, 20, 21, 29, 30], "summary": {"covered_lines": 14, "num_statements": 19, "percent_covered": 73.6842105263158, "percent_covered_display": "74", "missing_lines": 5, "excluded_lines": 0, "percent_statements_covered": 73.6842105263158, "percent_statements_covered_display": "74"}, "missing_lines": [17, 22, 23, 31, 32], "excluded_lines": [], "functions": {"_refresh": {"executed_lines": [], "summary": {"covered_lines": 0, "num_statements": 1, "percent_covered": 0.0, "percent_covered_display": "0", "missing_lines": 1, "excluded_lines": 0, "percent_statements_covered": 0.0, "percent_statements_covered_display": "0"}, "missing_lines": [17], "excluded_lines": [], "start_line": 16}, "metrics": {"executed_lines": [], "summary": {"covered_lines": 0, "num_statements": 2, "percent_covered": 0.0, "percent_covered_display": "0", "missing_lines": 2, "excluded_lines": 0, "percent_statements_covered": 0.0, "percent_statements_covered_display": "0"}, "missing_lines": [22, 23], "excluded_lines": [], "start_line": 21}, "dashboard": {"executed_lines": [], "summary": {"covered_lines": 0, "num_statements": 2, "percent_covered": 0.0, "percent_covered_display": "0", "missing_lines": 2, "excluded_lines": 0, "percent_statements_covered": 0.0, "percent_statements_covered_display": "0"}, "missing_lines": [31, 32], "excluded_lines": [], "start_line": 30}, "": {"executed_lines": [1, 3, 5, 6, 8, 9, 10, 12, 13, 16, 20, 21, 29, 30], "summary": {"covered_lines": 14, "num_statements": 14, "percent_covered": 100.0, "percent_covered_display": "100", "missing_lines": 0, "excluded_lines": 0, "percent_statements_covered": 100.0, "percent_statements_covered_display": "100"}, "missing_lines": [], "excluded_lines": [], "start_line": 1}}, "classes": {"": {"executed_lines": [1, 3, 5, 6, 8, 9, 10, 12, 13, 16, 20, 21, 29, 30], "summary": {"covered_lines": 14, "num_statements": 19, "percent_covered": 73.6842105263158, "percent_covered_display": "74", "missing_lines": 5, "excluded_lines": 0, "percent_statements_covered": 73.6842105263158, "percent_statements_covered_display": "74"}, "missing_lines": [17, 22, 23, 31, 32], "excluded_lines": [], "start_line": 1}}}, "msb_v2/api/observability_console.py": {"executed_lines": [1, 3, 4, 5, 7, 8, 10, 11, 12, 14, 15, 16, 17, 20, 21, 57, 58, 84, 88, 94, 104, 108, 145, 148, 250, 251, 299, 300, 306, 307], "summary": {"covered_lines": 30, "num_statements": 140, "percent_covered": 21.428571428571427, "percent_covered_display": "21", "missing_lines": 110, "excluded_lines": 0, "percent_statements_covered": 21.428571428571427, "percent_statements_covered_display": "21"}, "missing_lines": [22, 23, 35, 36, 37, 38, 46, 47, 59, 60, 61, 62, 63, 69, 70, 81, 85, 89, 90, 91, 95, 96, 97, 98, 99, 100, 101, 105, 109, 110, 111, 112, 113, 114, 115, 116, 117, 118, 119, 129, 130, 131, 132, 149, 150, 151, 152, 162, 164, 165, 166, 167, 168, 169, 170, 176, 177, 182, 184, 185, 193, 203, 204, 205, 211, 212, 213, 214, 215, 222, 235, 236, 243, 252, 253, 254, 255, 256, 257, 258, 259, 268, 269, 270, 271, 272, 273, 274, 275, 276, 277, 278, 279, 292, 293, 294, 295, 296, 301, 302, 303, 308, 309, 310, 312, 317, 318, 319, 320, 321], "excluded_lines": [], "functions": {"replay_trace": {"executed_lines": [], "summary": {"covered_lines": 0, "num_statements": 8, "percent_covered": 0.0, "percent_covered_display": "0", "missing_lines": 8, "excluded_lines": 0, "percent_statements_covered": 0.0, "percent_statements_covered_display": "0"}, "missing_lines": [22, 23, 35, 36, 37, 38, 46, 47], "excluded_lines": [], "start_line": 21}, "replay_trace_html": {"executed_lines": [], "summary": {"covered_lines": 0, "num_statements": 8, "percent_covered": 0.0, "percent_covered_display": "0", "missing_lines": 8, "excluded_lines": 0, "percent_statements_covered": 0.0, "percent_statements_covered_display": "0"}, "missing_lines": [59, 60, 61, 62, 63, 69, 70, 81], "excluded_lines": [], "start_line": 58}, "_refresh": {"executed_lines": [], "summary": {"covered_lines": 0, "num_statements": 1, "percent_covered": 0.0, "percent_covered_display": "0", "missing_lines": 1, "excluded_lines": 0, "percent_statements_covered": 0.0, "percent_statements_covered_display": "0"}, "missing_lines": [85], "excluded_lines": [], "start_line": 84}, "_fmt_payload": {"executed_lines": [], "summary": {"covered_lines": 0, "num_statements": 3, "percent_covered": 0.0, "percent_covered_display": "0", "missing_lines": 3, "excluded_lines": 0, "percent_statements_covered": 0.0, "percent_statements_covered_display": "0"}, "missing_lines": [89, 90, 91], "excluded_lines": [], "start_line": 88}, "_health": {"executed_lines": [], "summary": {"covered_lines": 0, "num_statements": 7, "percent_covered": 0.0, "percent_covered_display": "0", "missing_lines": 7, "excluded_lines": 0, "percent_statements_covered": 0.0, "percent_statements_covered_display": "0"}, "missing_lines": [95, 96, 97, 98, 99, 100, 101], "excluded_lines": [], "start_line": 94}, "_health_class": {"executed_lines": [], "summary": {"covered_lines": 0, "num_statements": 1, "percent_covered": 0.0, "percent_covered_display": "0", "missing_lines": 1, "excluded_lines": 0, "percent_statements_covered": 0.0, "percent_statements_covered_display": "0"}, "missing_lines": [105], "excluded_lines": [], "start_line": 104}, "_signals": {"executed_lines": [], "summary": {"covered_lines": 0, "num_statements": 15, "percent_covered": 0.0, "percent_covered_display": "0", "missing_lines": 15, "excluded_lines": 0, "percent_statements_covered": 0.0, "percent_statements_covered_display": "0"}, "missing_lines": [109, 110, 111, 112, 113, 114, 115, 116, 117, 118, 119, 129, 130, 131, 132], "excluded_lines": [], "start_line": 108}, "_build_html": {"executed_lines": [], "summary": {"covered_lines": 0, "num_statements": 30, "percent_covered": 0.0, "percent_covered_display": "0", "missing_lines": 30, "excluded_lines": 0, "percent_statements_covered": 0.0, "percent_statements_covered_display": "0"}, "missing_lines": [149, 150, 151, 152, 162, 164, 165, 166, 167, 168, 169, 170, 176, 177, 182, 184, 185, 193, 203, 204, 205, 211, 212, 213, 214, 215, 222, 235, 236, 243], "excluded_lines": [], "start_line": 148}, "console": {"executed_lines": [], "summary": {"covered_lines": 0, "num_statements": 25, "percent_covered": 0.0, "percent_covered_display": "0", "missing_lines": 25, "excluded_lines": 0, "percent_statements_covered": 0.0, "percent_statements_covered_display": "0"}, "missing_lines": [252, 253, 254, 255, 256, 257, 258, 259, 268, 269, 270, 271, 272, 273, 274, 275, 276, 277, 278, 279, 292, 293, 294, 295, 296], "excluded_lines": [], "start_line": 251}, "console_propose": {"executed_lines": [], "summary": {"covered_lines": 0, "num_statements": 3, "percent_covered": 0.0, "percent_covered_display": "0", "missing_lines": 3, "excluded_lines": 0, "percent_statements_covered": 0.0, "percent_statements_covered_display": "0"}, "missing_lines": [301, 302, 303], "excluded_lines": [], "start_line": 300}, "console_cycle": {"executed_lines": [], "summary": {"covered_lines": 0, "num_statements": 9, "percent_covered": 0.0, "percent_covered_display": "0", "missing_lines": 9, "excluded_lines": 0, "percent_statements_covered": 0.0, "percent_statements_covered_display": "0"}, "missing_lines": [308, 309, 310, 312, 317, 318, 319, 320, 321], "excluded_lines": [], "start_line": 307}, "": {"executed_lines": [1, 3, 4, 5, 7, 8, 10, 11, 12, 14, 15, 16, 17, 20, 21, 57, 58, 84, 88, 94, 104, 108, 145, 148, 250, 251, 299, 300, 306, 307], "summary": {"covered_lines": 30, "num_statements": 30, "percent_covered": 100.0, "percent_covered_display": "100", "missing_lines": 0, "excluded_lines": 0, "percent_statements_covered": 100.0, "percent_statements_covered_display": "100"}, "missing_lines": [], "excluded_lines": [], "start_line": 1}}, "classes": {"": {"executed_lines": [1, 3, 4, 5, 7, 8, 10, 11, 12, 14, 15, 16, 17, 20, 21, 57, 58, 84, 88, 94, 104, 108, 145, 148, 250, 251, 299, 300, 306, 307], "summary": {"covered_lines": 30, "num_statements": 140, "percent_covered": 21.428571428571427, "percent_covered_display": "21", "missing_lines": 110, "excluded_lines": 0, "percent_statements_covered": 21.428571428571427, "percent_statements_covered_display": "21"}, "missing_lines": [22, 23, 35, 36, 37, 38, 46, 47, 59, 60, 61, 62, 63, 69, 70, 81, 85, 89, 90, 91, 95, 96, 97, 98, 99, 100, 101, 105, 109, 110, 111, 112, 113, 114, 115, 116, 117, 118, 119, 129, 130, 131, 132, 149, 150, 151, 152, 162, 164, 165, 166, 167, 168, 169, 170, 176, 177, 182, 184, 185, 193, 203, 204, 205, 211, 212, 213, 214, 215, 222, 235, 236, 243, 252, 253, 254, 255, 256, 257, 258, 259, 268, 269, 270, 271, 272, 273, 274, 275, 276, 277, 278, 279, 292, 293, 294, 295, 296, 301, 302, 303, 308, 309, 310, 312, 317, 318, 319, 320, 321], "excluded_lines": [], "start_line": 1}}}, "msb_v2/api/observability_metrics.py": {"executed_lines": [1, 3, 4, 5, 7, 10, 11, 12, 13, 14, 15, 16, 17, 18, 19, 20, 21, 22, 23, 24, 25, 26, 27, 29, 50, 51, 52, 53, 54, 55, 56, 57, 59, 70, 71, 72, 73, 75], "summary": {"covered_lines": 38, "num_statements": 94, "percent_covered": 40.42553191489362, "percent_covered_display": "40", "missing_lines": 56, "excluded_lines": 0, "percent_statements_covered": 40.42553191489362, "percent_statements_covered_display": "40"}, "missing_lines": [30, 60, 76, 77, 78, 79, 80, 81, 82, 83, 84, 85, 86, 87, 88, 90, 91, 92, 93, 94, 95, 96, 97, 98, 99, 100, 101, 102, 103, 104, 105, 106, 107, 108, 109, 110, 111, 112, 113, 114, 115, 116, 117, 119, 137, 138, 139, 140, 141, 142, 143, 144, 145, 153, 154, 155], "excluded_lines": [], "functions": {"ReasoningMetrics.payload": {"executed_lines": [], "summary": {"covered_lines": 0, "num_statements": 1, "percent_covered": 0.0, "percent_covered_display": "0", "missing_lines": 1, "excluded_lines": 0, "percent_statements_covered": 0.0, "percent_statements_covered_display": "0"}, "missing_lines": [30], "excluded_lines": [], "start_line": 29}, "MemoryMetrics.payload": {"executed_lines": [], "summary": {"covered_lines": 0, "num_statements": 1, "percent_covered": 0.0, "percent_covered_display": "0", "missing_lines": 1, "excluded_lines": 0, "percent_statements_covered": 0.0, "percent_statements_covered_display": "0"}, "missing_lines": [60], "excluded_lines": [], "start_line": 59}, "MetricsStore.__init__": {"executed_lines": [72, 73], "summary": {"covered_lines": 2, "num_statements": 2, "percent_covered": 100.0, "percent_covered_display": "100", "missing_lines": 0, "excluded_lines": 0, "percent_statements_covered": 100.0, "percent_statements_covered_display": "100"}, "missing_lines": [], "excluded_lines": [], "start_line": 71}, "MetricsStore.recompute": {"executed_lines": [], "summary": {"covered_lines": 0, "num_statements": 54, "percent_covered": 0.0, "percent_covered_display": "0", "missing_lines": 54, "excluded_lines": 0, "percent_statements_covered": 0.0, "percent_statements_covered_display": "0"}, "missing_lines": [76, 77, 78, 79, 80, 81, 82, 83, 84, 85, 86, 87, 88, 90, 91, 92, 93, 94, 95, 96, 97, 98, 99, 100, 101, 102, 103, 104, 105, 106, 107, 108, 109, 110, 111, 112, 113, 114, 115, 116, 117, 119, 137, 138, 139, 140, 141, 142, 143, 144, 145, 153, 154, 155], "excluded_lines": [], "start_line": 75}, "": {"executed_lines": [1, 3, 4, 5, 7, 10, 11, 12, 13, 14, 15, 16, 17, 18, 19, 20, 21, 22, 23, 24, 25, 26, 27, 29, 50, 51, 52, 53, 54, 55, 56, 57, 59, 70, 71, 75], "summary": {"covered_lines": 36, "num_statements": 36, "percent_covered": 100.0, "percent_covered_display": "100", "missing_lines": 0, "excluded_lines": 0, "percent_statements_covered": 100.0, "percent_statements_covered_display": "100"}, "missing_lines": [], "excluded_lines": [], "start_line": 1}}, "classes": {"ReasoningMetrics": {"executed_lines": [], "summary": {"covered_lines": 0, "num_statements": 1, "percent_covered": 0.0, "percent_covered_display": "0", "missing_lines": 1, "excluded_lines": 0, "percent_statements_covered": 0.0, "percent_statements_covered_display": "0"}, "missing_lines": [30], "excluded_lines": [], "start_line": 11}, "MemoryMetrics": {"executed_lines": [], "summary": {"covered_lines": 0, "num_statements": 1, "percent_covered": 0.0, "percent_covered_display": "0", "missing_lines": 1, "excluded_lines": 0, "percent_statements_covered": 0.0, "percent_statements_covered_display": "0"}, "missing_lines": [60], "excluded_lines": [], "start_line": 51}, "MetricsStore": {"executed_lines": [72, 73], "summary": {"covered_lines": 2, "num_statements": 56, "percent_covered": 3.5714285714285716, "percent_covered_display": "4", "missing_lines": 54, "excluded_lines": 0, "percent_statements_covered": 3.5714285714285716, "percent_statements_covered_display": "4"}, "missing_lines": [76, 77, 78, 79, 80, 81, 82, 83, 84, 85, 86, 87, 88, 90, 91, 92, 93, 94, 95, 96, 97, 98, 99, 100, 101, 102, 103, 104, 105, 106, 107, 108, 109, 110, 111, 112, 113, 114, 115, 116, 117, 119, 137, 138, 139, 140, 141, 142, 143, 144, 145, 153, 154, 155], "excluded_lines": [], "start_line": 70}, "": {"executed_lines": [1, 3, 4, 5, 7, 10, 11, 12, 13, 14, 15, 16, 17, 18, 19, 20, 21, 22, 23, 24, 25, 26, 27, 29, 50, 51, 52, 53, 54, 55, 56, 57, 59, 70, 71, 75], "summary": {"covered_lines": 36, "num_statements": 36, "percent_covered": 100.0, "percent_covered_display": "100", "missing_lines": 0, "excluded_lines": 0, "percent_statements_covered": 100.0, "percent_statements_covered_display": "100"}, "missing_lines": [], "excluded_lines": [], "start_line": 1}}}, "msb_v2/api/rag.py": {"executed_lines": [1, 3, 4, 5, 6, 8, 9, 11, 12, 13, 16, 17, 18, 21, 22, 23, 26, 27, 28, 31, 32, 33, 34, 35, 36, 37, 38, 39, 42, 43, 44, 45, 46, 47, 48, 49, 50, 51, 52, 53, 56, 57, 58, 59, 60, 61, 62, 65, 67, 68, 74, 75, 76], "summary": {"covered_lines": 53, "num_statements": 56, "percent_covered": 94.64285714285714, "percent_covered_display": "95", "missing_lines": 3, "excluded_lines": 0, "percent_statements_covered": 94.64285714285714, "percent_statements_covered_display": "95"}, "missing_lines": [63, 64, 66], "excluded_lines": [], "functions": {"_ensure_dirs": {"executed_lines": [27, 28], "summary": {"covered_lines": 2, "num_statements": 2, "percent_covered": 100.0, "percent_covered_display": "100", "missing_lines": 0, "excluded_lines": 0, "percent_statements_covered": 100.0, "percent_statements_covered_display": "100"}, "missing_lines": [], "excluded_lines": [], "start_line": 26}, "_bm25_match": {"executed_lines": [32, 33, 34, 35, 36, 37, 38, 39], "summary": {"covered_lines": 8, "num_statements": 8, "percent_covered": 100.0, "percent_covered_display": "100", "missing_lines": 0, "excluded_lines": 0, "percent_statements_covered": 100.0, "percent_statements_covered_display": "100"}, "missing_lines": [], "excluded_lines": [], "start_line": 31}, "rag_ingest": {"executed_lines": [44, 45, 46, 47, 48, 49, 50, 51, 52, 53], "summary": {"covered_lines": 10, "num_statements": 10, "percent_covered": 100.0, "percent_covered_display": "100", "missing_lines": 0, "excluded_lines": 0, "percent_statements_covered": 100.0, "percent_statements_covered_display": "100"}, "missing_lines": [], "excluded_lines": [], "start_line": 43}, "rag_converse": {"executed_lines": [58, 59, 60, 61, 62, 65, 67, 68, 74, 75, 76], "summary": {"covered_lines": 11, "num_statements": 14, "percent_covered": 78.57142857142857, "percent_covered_display": "79", "missing_lines": 3, "excluded_lines": 0, "percent_statements_covered": 78.57142857142857, "percent_statements_covered_display": "79"}, "missing_lines": [63, 64, 66], "excluded_lines": [], "start_line": 57}, "": {"executed_lines": [1, 3, 4, 5, 6, 8, 9, 11, 12, 13, 16, 17, 18, 21, 22, 23, 26, 31, 42, 43, 56, 57], "summary": {"covered_lines": 22, "num_statements": 22, "percent_covered": 100.0, "percent_covered_display": "100", "missing_lines": 0, "excluded_lines": 0, "percent_statements_covered": 100.0, "percent_statements_covered_display": "100"}, "missing_lines": [], "excluded_lines": [], "start_line": 1}}, "classes": {"IngestRequest": {"executed_lines": [], "summary": {"covered_lines": 0, "num_statements": 0, "percent_covered": 100.0, "percent_covered_display": "100", "missing_lines": 0, "excluded_lines": 0, "percent_statements_covered": 100.0, "percent_statements_covered_display": "100"}, "missing_lines": [], "excluded_lines": [], "start_line": 16}, "ConverseRequest": {"executed_lines": [], "summary": {"covered_lines": 0, "num_statements": 0, "percent_covered": 100.0, "percent_covered_display": "100", "missing_lines": 0, "excluded_lines": 0, "percent_statements_covered": 100.0, "percent_statements_covered_display": "100"}, "missing_lines": [], "excluded_lines": [], "start_line": 21}, "": {"executed_lines": [1, 3, 4, 5, 6, 8, 9, 11, 12, 13, 16, 17, 18, 21, 22, 23, 26, 27, 28, 31, 32, 33, 34, 35, 36, 37, 38, 39, 42, 43, 44, 45, 46, 47, 48, 49, 50, 51, 52, 53, 56, 57, 58, 59, 60, 61, 62, 65, 67, 68, 74, 75, 76], "summary": {"covered_lines": 53, "num_statements": 56, "percent_covered": 94.64285714285714, "percent_covered_display": "95", "missing_lines": 3, "excluded_lines": 0, "percent_statements_covered": 94.64285714285714, "percent_statements_covered_display": "95"}, "missing_lines": [63, 64, 66], "excluded_lines": [], "start_line": 1}}}, "msb_v2/api/rcoh.py": {"executed_lines": [1, 3, 4, 6, 7, 9, 10, 13, 14, 15, 16, 17, 20, 21, 37, 38, 39, 40, 43, 44, 45, 52, 53, 54, 55, 58, 59, 60, 61, 62, 63], "summary": {"covered_lines": 31, "num_statements": 31, "percent_covered": 100.0, "percent_covered_display": "100", "missing_lines": 0, "excluded_lines": 0, "percent_statements_covered": 100.0, "percent_statements_covered_display": "100"}, "missing_lines": [], "excluded_lines": [], "functions": {"_state_to_dict": {"executed_lines": [21], "summary": {"covered_lines": 1, "num_statements": 1, "percent_covered": 100.0, "percent_covered_display": "100", "missing_lines": 0, "excluded_lines": 0, "percent_statements_covered": 100.0, "percent_statements_covered_display": "100"}, "missing_lines": [], "excluded_lines": [], "start_line": 20}, "recent_cycles": {"executed_lines": [39, 40], "summary": {"covered_lines": 2, "num_statements": 2, "percent_covered": 100.0, "percent_covered_display": "100", "missing_lines": 0, "excluded_lines": 0, "percent_statements_covered": 100.0, "percent_statements_covered_display": "100"}, "missing_lines": [], "excluded_lines": [], "start_line": 38}, "start_cycle": {"executed_lines": [45, 52, 53, 54, 55], "summary": {"covered_lines": 5, "num_statements": 5, "percent_covered": 100.0, "percent_covered_display": "100", "missing_lines": 0, "excluded_lines": 0, "percent_statements_covered": 100.0, "percent_statements_covered_display": "100"}, "missing_lines": [], "excluded_lines": [], "start_line": 44}, "get_cycle": {"executed_lines": [60, 61, 62, 63], "summary": {"covered_lines": 4, "num_statements": 4, "percent_covered": 100.0, "percent_covered_display": "100", "missing_lines": 0, "excluded_lines": 0, "percent_statements_covered": 100.0, "percent_statements_covered_display": "100"}, "missing_lines": [], "excluded_lines": [], "start_line": 59}, "": {"executed_lines": [1, 3, 4, 6, 7, 9, 10, 13, 14, 15, 16, 17, 20, 37, 38, 43, 44, 58, 59], "summary": {"covered_lines": 19, "num_statements": 19, "percent_covered": 100.0, "percent_covered_display": "100", "missing_lines": 0, "excluded_lines": 0, "percent_statements_covered": 100.0, "percent_statements_covered_display": "100"}, "missing_lines": [], "excluded_lines": [], "start_line": 1}}, "classes": {"StartCycleRequest": {"executed_lines": [], "summary": {"covered_lines": 0, "num_statements": 0, "percent_covered": 100.0, "percent_covered_display": "100", "missing_lines": 0, "excluded_lines": 0, "percent_statements_covered": 100.0, "percent_statements_covered_display": "100"}, "missing_lines": [], "excluded_lines": [], "start_line": 13}, "": {"executed_lines": [1, 3, 4, 6, 7, 9, 10, 13, 14, 15, 16, 17, 20, 21, 37, 38, 39, 40, 43, 44, 45, 52, 53, 54, 55, 58, 59, 60, 61, 62, 63], "summary": {"covered_lines": 31, "num_statements": 31, "percent_covered": 100.0, "percent_covered_display": "100", "missing_lines": 0, "excluded_lines": 0, "percent_statements_covered": 100.0, "percent_statements_covered_display": "100"}, "missing_lines": [], "excluded_lines": [], "start_line": 1}}}, "msb_v2/api/reasoning.py": {"executed_lines": [1, 3, 4, 6, 7, 13, 14, 17, 22, 23, 24, 25, 26, 27, 28, 31, 32, 33, 34, 35, 36, 37, 38, 39, 42, 43, 46, 47, 48, 49, 50, 51, 52, 53, 54, 55, 56, 59, 60, 84, 85, 86, 89, 90, 91, 92, 93, 94, 97, 98, 99, 100, 120, 121, 122, 123, 124, 125, 128, 129, 130, 131, 136, 137, 138, 139, 144, 145, 146], "summar
[...]
 "percent_covered": 94.5945945945946, "percent_covered_display": "95", "missing_lines": 2, "excluded_lines": 0, "percent_statements_covered": 94.5945945945946, "percent_statements_covered_display": "95"}, "missing_lines": [116, 117], "excluded_lines": [], "start_line": 24}, "": {"executed_lines": [1, 3, 4, 6, 12, 13, 14, 15, 16, 17, 18, 21, 24, 27, 32, 61, 67, 73, 90, 112, 115], "summary": {"covered_lines": 21, "num_statements": 21, "percent_covered": 100.0, "percent_covered_display": "100", "missing_lines": 0, "excluded_lines": 0, "percent_statements_covered": 100.0, "percent_statements_covered_display": "100"}, "missing_lines": [], "excluded_lines": [], "start_line": 1}}}, "msb_v2/reasoning/types.py": {"executed_lines": [1, 3, 4, 5, 6, 9, 10, 11, 12, 13, 14, 17, 18, 19, 20, 21, 22, 23, 24, 25, 28, 29, 32, 33, 34, 35, 36, 37, 40, 41, 44, 45, 46, 47, 48, 49, 50, 51, 52, 53], "summary": {"covered_lines": 40, "num_statements": 40, "percent_covered": 100.0, "percent_covered_display": "100", "missing_lines": 0, "excluded_lines": 0, "percent_statements_covered": 100.0, "percent_statements_covered_display": "100"}, "missing_lines": [], "excluded_lines": [], "functions": {"": {"executed_lines": [1, 3, 4, 5, 6, 9, 10, 11, 12, 13, 14, 17, 18, 19, 20, 21, 22, 23, 24, 25, 28, 29, 32, 33, 34, 35, 36, 37, 40, 41, 44, 45, 46, 47, 48, 49, 50, 51, 52, 53], "summary": {"covered_lines": 40, "num_statements": 40, "percent_covered": 100.0, "percent_covered_display": "100", "missing_lines": 0, "excluded_lines": 0, "percent_statements_covered": 100.0, "percent_statements_covered_display": "100"}, "missing_lines": [], "excluded_lines": [], "start_line": 1}}, "classes": {"ReasoningStatus": {"executed_lines": [], "summary": {"covered_lines": 0, "num_statements": 0, "percent_covered": 100.0, "percent_covered_display": "100", "missing_lines": 0, "excluded_lines": 0, "percent_statements_covered": 100.0, "percent_statements_covered_display": "100"}, "missing_lines": [], "excluded_lines": [], "start_line": 9}, "JustificationKind": {"executed_lines": [], "summary": {"covered_lines": 0, "num_statements": 0, "percent_covered": 100.0, "percent_covered_display": "100", "missing_lines": 0, "excluded_lines": 0, "percent_statements_covered": 100.0, "percent_statements_covered_display": "100"}, "missing_lines": [], "excluded_lines": [], "start_line": 17}, "ReasoningStep": {"executed_lines": [], "summary": {"covered_lines": 0, "num_statements": 0, "percent_covered": 100.0, "percent_covered_display": "100", "missing_lines": 0, "excluded_lines": 0, "percent_statements_covered": 100.0, "percent_statements_covered_display": "100"}, "missing_lines": [], "excluded_lines": [], "start_line": 29}, "ReasoningTrace": {"executed_lines": [], "summary": {"covered_lines": 0, "num_statements": 0, "percent_covered": 100.0, "percent_covered_display": "100", "missing_lines": 0, "excluded_lines": 0, "percent_statements_covered": 100.0, "percent_statements_covered_display": "100"}, "missing_lines": [], "excluded_lines": [], "start_line": 41}, "": {"executed_lines": [1, 3, 4, 5, 6, 9, 10, 11, 12, 13, 14, 17, 18, 19, 20, 21, 22, 23, 24, 25, 28, 29, 32, 33, 34, 35, 36, 37, 40, 41, 44, 45, 46, 47, 48, 49, 50, 51, 52, 53], "summary": {"covered_lines": 40, "num_statements": 40, "percent_covered": 100.0, "percent_covered_display": "100", "missing_lines": 0, "excluded_lines": 0, "percent_statements_covered": 100.0, "percent_statements_covered_display": "100"}, "missing_lines": [], "excluded_lines": [], "start_line": 1}}}, "msb_v2/security/__init__.py": {"executed_lines": [1, 2, 4], "summary": {"covered_lines": 3, "num_statements": 3, "percent_covered": 100.0, "percent_covered_display": "100", "missing_lines": 0, "excluded_lines": 0, "percent_statements_covered": 100.0, "percent_statements_covered_display": "100"}, "missing_lines": [], "excluded_lines": [], "functions": {"": {"executed_lines": [1, 2, 4], "summary": {"covered_lines": 3, "num_statements": 3, "percent_covered": 100.0, "percent_covered_display": "100", "missing_lines": 0, "excluded_lines": 0, "percent_statements_covered": 100.0, "percent_statements_covered_display": "100"}, "missing_lines": [], "excluded_lines": [], "start_line": 1}}, "classes": {"": {"executed_lines": [1, 2, 4], "summary": {"covered_lines": 3, "num_statements": 3, "percent_covered": 100.0, "percent_covered_display": "100", "missing_lines": 0, "excluded_lines": 0, "percent_statements_covered": 100.0, "percent_statements_covered_display": "100"}, "missing_lines": [], "excluded_lines": [], "start_line": 1}}}, "msb_v2/security/guardrails.py": {"executed_lines": [3, 5, 6, 9, 16, 17, 18, 19, 20, 21, 24, 25, 26, 27, 28, 30, 31, 32, 33, 34, 35, 36, 37, 38, 39, 41, 43], "summary": {"covered_lines": 27, "num_statements": 29, "percent_covered": 93.10344827586206, "percent_covered_display": "93", "missing_lines": 2, "excluded_lines": 0, "percent_statements_covered": 93.10344827586206, "percent_statements_covered_display": "93"}, "missing_lines": [40, 42], "excluded_lines": [], "functions": {"Guardrails.inspect": {"executed_lines": [31, 32, 33, 34, 35, 36, 37, 38, 39, 41, 43], "summary": {"covered_lines": 11, "num_statements": 13, "percent_covered": 84.61538461538461, "percent_covered_display": "85", "missing_lines": 2, "excluded_lines": 0, "percent_statements_covered": 84.61538461538461, "percent_statements_covered_display": "85"}, "missing_lines": [40, 42], "excluded_lines": [], "start_line": 30}, "": {"executed_lines": [3, 5, 6, 9, 16, 17, 18, 19, 20, 21, 24, 25, 26, 27, 28, 30], "summary": {"covered_lines": 16, "num_statements": 16, "percent_covered": 100.0, "percent_covered_display": "100", "missing_lines": 0, "excluded_lines": 0, "percent_statements_covered": 100.0, "percent_statements_covered_display": "100"}, "missing_lines": [], "excluded_lines": [], "start_line": 1}}, "classes": {"GuardrailResult": {"executed_lines": [], "summary": {"covered_lines": 0, "num_statements": 0, "percent_covered": 100.0, "percent_covered_display": "100", "missing_lines": 0, "excluded_lines": 0, "percent_statements_covered": 100.0, "percent_statements_covered_display": "100"}, "missing_lines": [], "excluded_lines": [], "start_line": 17}, "Guardrails": {"executed_lines": [31, 32, 33, 34, 35, 36, 37, 38, 39, 41, 43], "summary": {"covered_lines": 11, "num_statements": 13, "percent_covered": 84.61538461538461, "percent_covered_display": "85", "missing_lines": 2, "excluded_lines": 0, "percent_statements_covered": 84.61538461538461, "percent_statements_covered_display": "85"}, "missing_lines": [40, 42], "excluded_lines": [], "start_line": 25}, "": {"executed_lines": [3, 5, 6, 9, 16, 17, 18, 19, 20, 21, 24, 25, 26, 27, 28, 30], "summary": {"covered_lines": 16, "num_statements": 16, "percent_covered": 100.0, "percent_covered_display": "100", "missing_lines": 0, "excluded_lines": 0, "percent_statements_covered": 100.0, "percent_statements_covered_display": "100"}, "missing_lines": [], "excluded_lines": [], "start_line": 1}}}, "msb_v2/security/identity.py": {"executed_lines": [1, 3, 4, 7, 8, 9, 10, 11, 14, 15, 16, 17, 19, 20, 21, 23, 24, 25, 26, 27, 29, 30, 31, 32, 33], "summary": {"covered_lines": 25, "num_statements": 25, "percent_covered": 100.0, "percent_covered_display": "100", "missing_lines": 0, "excluded_lines": 0, "percent_statements_covered": 100.0, "percent_statements_covered_display": "100"}, "missing_lines": [], "excluded_lines": [], "functions": {"AccessControl.register": {"executed_lines": [20, 21], "summary": {"covered_lines": 2, "num_statements": 2, "percent_covered": 100.0, "percent_covered_display": "100", "missing_lines": 0, "excluded_lines": 0, "percent_statements_covered": 100.0, "percent_statements_covered_display": "100"}, "missing_lines": [], "excluded_lines": [], "start_line": 19}, "AccessControl.allowed_tools": {"executed_lines": [24, 25, 26, 27], "summary": {"covered_lines": 4, "num_statements": 4, "percent_covered": 100.0, "percent_covered_display": "100", "missing_lines": 0, "excluded_lines": 0, "percent_statements_covered": 100.0, "percent_statements_covered_display": "100"}, "missing_lines": [], "excluded_lines": [], "start_line": 23}, "AccessControl.has_access": {"executed_lines": [30, 31, 32, 33], "summary": {"covered_lines": 4, "num_statements": 4, "percent_covered": 100.0, "percent_covered_display": "100", "missing_lines": 0, "excluded_lines": 0, "percent_statements_covered": 100.0, "percent_statements_covered_display": "100"}, "missing_lines": [], "excluded_lines": [], "start_line": 29}, "": {"executed_lines": [1, 3, 4, 7, 8, 9, 10, 11, 14, 15, 16, 17, 19, 23, 29], "summary": {"covered_lines": 15, "num_statements": 15, "percent_covered": 100.0, "percent_covered_display": "100", "missing_lines": 0, "excluded_lines": 0, "percent_statements_covered": 100.0, "percent_statements_covered_display": "100"}, "missing_lines": [], "excluded_lines": [], "start_line": 1}}, "classes": {"Identity": {"executed_lines": [], "summary": {"covered_lines": 0, "num_statements": 0, "percent_covered": 100.0, "percent_covered_display": "100", "missing_lines": 0, "excluded_lines": 0, "percent_statements_covered": 100.0, "percent_statements_covered_display": "100"}, "missing_lines": [], "excluded_lines": [], "start_line": 8}, "AccessControl": {"executed_lines": [20, 21, 24, 25, 26, 27, 30, 31, 32, 33], "summary": {"covered_lines": 10, "num_statements": 10, "percent_covered": 100.0, "percent_covered_display": "100", "missing_lines": 0, "excluded_lines": 0, "percent_statements_covered": 100.0, "percent_statements_covered_display": "100"}, "missing_lines": [], "excluded_lines": [], "start_line": 15}, "": {"executed_lines": [1, 3, 4, 7, 8, 9, 10, 11, 14, 15, 16, 17, 19, 23, 29], "summary": {"covered_lines": 15, "num_statements": 15, "percent_covered": 100.0, "percent_covered_display": "100", "missing_lines": 0, "excluded_lines": 0, "percent_statements_covered": 100.0, "percent_statements_covered_display": "100"}, "missing_lines": [], "excluded_lines": [], "start_line": 1}}}, "msb_v2/security/sovereign.py": {"executed_lines": [1, 3, 5, 8, 9, 10, 11, 12, 13, 14, 17, 20, 21], "summary": {"covered_lines": 13, "num_statements": 13, "percent_covered": 100.0, "percent_covered_display": "100", "missing_lines": 0, "excluded_lines": 0, "percent_statements_covered": 100.0, "percent_statements_covered_display": "100"}, "missing_lines": [], "excluded_lines": [], "functions": {"get_sovereign_profile": {"executed_lines": [21], "summary": {"covered_lines": 1, "num_statements": 1, "percent_covered": 100.0, "percent_covered_display": "100", "missing_lines": 0, "excluded_lines": 0, "percent_statements_covered": 100.0, "percent_statements_covered_display": "100"}, "missing_lines": [], "excluded_lines": [], "start_line": 20}, "": {"executed_lines": [1, 3, 5, 8, 9, 10, 11, 12, 13, 14, 17, 20], "summary": {"covered_lines": 12, "num_statements": 12, "percent_covered": 100.0, "percent_covered_display": "100", "missing_lines": 0, "excluded_lines": 0, "percent_statements_covered": 100.0, "percent_statements_covered_display": "100"}, "missing_lines": [], "excluded_lines": [], "start_line": 1}}, "classes": {"SovereignProfile": {"executed_lines": [], "summary": {"covered_lines": 0, "num_statements": 0, "percent_covered": 100.0, "percent_covered_display": "100", "missing_lines": 0, "excluded_lines": 0, "percent_statements_covered": 100.0, "percent_statements_covered_display": "100"}, "missing_lines": [], "excluded_lines": [], "start_line": 9}, "": {"executed_lines": [1, 3, 5, 8, 9, 10, 11, 12, 13, 14, 17, 20, 21], "summary": {"covered_lines": 13, "num_statements": 13, "percent_covered": 100.0, "percent_covered_display": "100", "missing_lines": 0, "excluded_lines": 0, "percent_statements_covered": 100.0, "percent_statements_covered_display": "100"}, "missing_lines": [], "excluded_lines": [], "start_line": 1}}}, "msb_v2/values/registry.py": {"executed_lines": [1, 3, 6, 7, 8, 10, 11, 12, 13, 15, 18, 19, 20, 21, 22, 23, 24, 25, 26, 34], "summary": {"covered_lines": 20, "num_statements": 22, "percent_covered": 90.9090909090909, "percent_covered_display": "91", "missing_lines": 2, "excluded_lines": 0, "percent_statements_covered": 90.9090909090909, "percent_statements_covered_display": "91"}, "missing_lines": [16, 35], "excluded_lines": [], "functions": {"ValueRegistry.__init__": {"executed_lines": [8], "summary": {"covered_lines": 1, "num_statements": 1, "percent_covered": 100.0, "percent_covered_display": "100", "missing_lines": 0, "excluded_lines": 0, "percent_statements_covered": 100.0, "percent_statements_covered_display": "100"}, "missing_lines": [], "excluded_lines": [], "start_line": 7}, "ValueRegistry.register": {"executed_lines": [11, 12, 13], "summary": {"covered_lines": 3, "num_statements": 3, "percent_covered": 100.0, "percent_covered_display": "100", "missing_lines": 0, "excluded_lines": 0, "percent_statements_covered": 100.0, "percent_statements_covered_display": "100"}, "missing_lines": [], "excluded_lines": [], "start_line": 10}, "ValueRegistry.get": {"executed_lines": [], "summary": {"covered_lines": 0, "num_statements": 1, "percent_covered": 0.0, "percent_covered_display": "0", "missing_lines": 1, "excluded_lines": 0, "percent_statements_covered": 0.0, "percent_statements_covered_display": "0"}, "missing_lines": [16], "excluded_lines": [], "start_line": 15}, "ValueRegistry.resolve": {"executed_lines": [19, 20, 21, 22, 23, 24, 25, 26], "summary": {"covered_lines": 8, "num_statements": 8, "percent_covered": 100.0, "percent_covered_display": "100", "missing_lines": 0, "excluded_lines": 0, "percent_statements_covered": 100.0, "percent_statements_covered_display": "100"}, "missing_lines": [], "excluded_lines": [], "start_line": 18}, "ValueRegistry.list_values": {"executed_lines": [], "summary": {"covered_lines": 0, "num_statements": 1, "percent_covered": 0.0, "percent_covered_display": "0", "missing_lines": 1, "excluded_lines": 0, "percent_statements_covered": 0.0, "percent_statements_covered_display": "0"}, "missing_lines": [35], "excluded_lines": [], "start_line": 34}, "": {"executed_lines": [1, 3, 6, 7, 10, 15, 18, 34], "summary": {"covered_lines": 8, "num_statements": 8, "percent_covered": 100.0, "percent_covered_display": "100", "missing_lines": 0, "excluded_lines": 0, "percent_statements_covered": 100.0, "percent_statements_covered_display": "100"}, "missing_lines": [], "excluded_lines": [], "start_line": 1}}, "classes": {"ValueRegistry": {"executed_lines": [8, 11, 12, 13, 19, 20, 21, 22, 23, 24, 25, 26], "summary": {"covered_lines": 12, "num_statements": 14, "percent_covered": 85.71428571428571, "percent_covered_display": "86", "missing_lines": 2, "excluded_lines": 0, "percent_statements_covered": 85.71428571428571, "percent_statements_covered_display": "86"}, "missing_lines": [16, 35], "excluded_lines": [], "start_line": 6}, "": {"executed_lines": [1, 3, 6, 7, 10, 15, 18, 34], "summary": {"covered_lines": 8, "num_statements": 8, "percent_covered": 100.0, "percent_covered_display": "100", "missing_lines": 0, "excluded_lines": 0, "percent_statements_covered": 100.0, "percent_statements_covered_display": "100"}, "missing_lines": [], "excluded_lines": [], "start_line": 1}}}, "msb_v2/values/types.py": {"executed_lines": [1, 3, 4, 7, 8, 9, 10, 11, 12, 14, 15, 17, 21, 22, 23, 24, 25, 26, 27, 30, 31, 34, 39, 42, 59], "summary": {"covered_lines": 25, "num_statements": 42, "percent_covered": 59.523809523809526, "percent_covered_display": "60", "missing_lines": 17, "excluded_lines": 0, "percent_statements_covered": 59.523809523809526, "percent_statements_covered_display": "60"}, "missing_lines": [16, 18, 32, 35, 36, 37, 40, 43, 44, 45, 46, 47, 48, 49, 50, 51, 60], "excluded_lines": [], "functions": {"ValuePreference.__post_init__": {"executed_lines": [15, 17], "summary": {"covered_lines": 2, "num_statements": 4, "percent_covered": 50.0, "percent_covered_display": "50", "missing_lines": 2, "excluded_lines": 0, "percent_statements_covered": 50.0, "percent_statements_covered_display": "50"}, "missing_lines": [16, 18], "excluded_lines": [], "start_line": 14}, "ValueRegistry.__init__": {"executed_lines": [], "summary": {"covered_lines": 0, "num_statements": 1, "percent_covered": 0.0, "percent_covered_display": "0", "missing_lines": 1, "excluded_lines": 0, "percent_statements_covered": 0.0, "percent_statements_covered_display": "0"}, "missing_lines": [32], "excluded_lines": [], "start_line": 31}, "ValueRegistry.register": {"executed_lines": [], "summary": {"covered_lines": 0, "num_statements": 3, "percent_covered": 0.0, "percent_covered_display": "0", "missing_lines": 3, "excluded_lines": 0, "percent_statements_covered": 0.0, "percent_statements_covered_display": "0"}, "missing_lines": [35, 36, 37], "excluded_lines": [], "start_line": 34}, "ValueRegistry.get": {"executed_lines": [], "summary": {"covered_lines": 0, "num_statements": 1, "percent_covered": 0.0, "percent_covered_display": "0", "missing_lines": 1, "excluded_lines": 0, "percent_statements_covered": 0.0, "percent_statements_covered_display": "0"}, "missing_lines": [40], "excluded_lines": [], "start_line": 39}, "ValueRegistry.resolve": {"executed_lines": [], "summary": {"covered_lines": 0, "num_statements": 9, "percent_covered": 0.0, "percent_covered_display": "0", "missing_lines": 9, "excluded_lines": 0, "percent_statements_covered": 0.0, "percent_statements_covered_display": "0"}, "missing_lines": [43, 44, 45, 46, 47, 48, 49, 50, 51], "excluded_lines": [], "start_line": 42}, "ValueRegistry.list_values": {"executed_lines": [], "summary": {"covered_lines": 0, "num_statements": 1, "percent_covered": 0.0, "percent_covered_display": "0", "missing_lines": 1, "excluded_lines": 0, "percent_statements_covered": 0.0, "percent_statements_covered_display": "0"}, "missing_lines": [60], "excluded_lines": [], "start_line": 59}, "": {"executed_lines": [1, 3, 4, 7, 8, 9, 10, 11, 12, 14, 21, 22, 23, 24, 25, 26, 27, 30, 31, 34, 39, 42, 59], "summary": {"covered_lines": 23, "num_statements": 23, "percent_covered": 100.0, "percent_covered_display": "100", "missing_lines": 0, "excluded_lines": 0, "percent_statements_covered": 100.0, "percent_statements_covered_display": "100"}, "missing_lines": [], "excluded_lines": [], "start_line": 1}}, "classes": {"ValuePreference": {"executed_lines": [15, 17], "summary": {"covered_lines": 2, "num_statements": 4, "percent_covered": 50.0, "percent_covered_display": "50", "missing_lines": 2, "excluded_lines": 0, "percent_statements_covered": 50.0, "percent_statements_covered_display": "50"}, "missing_lines": [16, 18], "excluded_lines": [], "start_line": 8}, "ValueConflict": {"executed_lines": [], "summary": {"covered_lines": 0, "num_statements": 0, "percent_covered": 100.0, "percent_covered_display": "100", "missing_lines": 0, "excluded_lines": 0, "percent_statements_covered": 100.0, "percent_statements_covered_display": "100"}, "missing_lines": [], "excluded_lines": [], "start_line": 22}, "ValueRegistry": {"executed_lines": [], "summary": {"covered_lines": 0, "num_statements": 15, "percent_covered": 0.0, "percent_covered_display": "0", "missing_lines": 15, "excluded_lines": 0, "percent_statements_covered": 0.0, "percent_statements_covered_display": "0"}, "missing_lines": [32, 35, 36, 37, 40, 43, 44, 45, 46, 47, 48, 49, 50, 51, 60], "excluded_lines": [], "start_line": 30}, "": {"executed_lines": [1, 3, 4, 7, 8, 9, 10, 11, 12, 14, 21, 22, 23, 24, 25, 26, 27, 30, 31, 34, 39, 42, 59], "summary": {"covered_lines": 23, "num_statements": 23, "percent_covered": 100.0, "percent_covered_display": "100", "missing_lines": 0, "excluded_lines": 0, "percent_statements_covered": 100.0, "percent_statements_covered_display": "100"}, "missing_lines": [], "excluded_lines": [], "start_line": 1}}}}, "totals": {"covered_lines": 3718, "num_statements": 4668, "percent_covered": 79.64867180805484, "percent_covered_display": "80", "missing_lines": 950, "excluded_lines": 23, "percent_statements_covered": 79.64867180805484, "percent_statements_covered_display": "80"}}